
JustACoreLocAndWeather1AppDelegate(.swift).(v1.0804):'init()': - Invoked - #(1) time(s) - 'self' is [<JustACoreLocAndWeather1.JustACoreLocAndWeather1AppDelegate: 0x30002c1a0>]...
'[JustACoreLocAndWeather1AppDelegate(.swift).(v1.0804):]' - ...'self.sAppDelegateLogFilespec' (computed) is [Optional("/var/mobile/Containers/Data/Application/2FFCF94E-490B-45F6-AC04-9BE1257E062B/Documents/JustACoreLocAndWeather1.log")]...
'[JustACoreLocAndWeather1AppDelegate(.swift).(v1.0804):]' - ...'self.sAppDelegateLogFilepath' (resolved #2) is [Optional("/var/mobile/Containers/Data/Application/2FFCF94E-490B-45F6-AC04-9BE1257E062B/Documents")]...
2024-08-05 13:05:18.154 [Info] [com.cerebralgardens.xcglogger.defaultInstance] > XCGLogger writing log to: file:///var/mobile/Containers/Data/Application/2FFCF94E-490B-45F6-AC04-9BE1257E062B/Documents/JustACoreLocAndWeather1.log
2024-08-05 13:05:18.154 [Info] [com.cerebralgardens.xcglogger.defaultInstance] > JustACoreLocAndWeather1 Version: 1.01 Build: 06.12.24C218 PID: 2960
2024-08-05 13:05:18.154 [Info] [com.cerebralgardens.xcglogger.defaultInstance] > XCGLogger Version: 7.1.5 - Level: Verbose
2024-08-05 13:05:18.155 [Info] [com.cerebralgardens.xcglogger.defaultInstance] [main] [JustACoreLocAndWeather1AppDelegate.swift:296] setupAppDelegateXCGLogger() > JustACoreLocAndWeather1AppDelegate(.swift).(v1.0804):'setupAppDelegateXCGLogger()': XCGLogger 'log' (default) instance has these destinations (2): [Optional([ConsoleDestination: com.cerebralgardens.xcglogger.logdestination.console - Level: Verbose showLogIdentifier: true showFunctionName: true showThreadName: true showLevel: true showFileName: true showLineNumber: true showDate: true, FileDestination: com.cerebralgardens.xcglogger.logdestination.file - Level: Verbose showLogIdentifier: true showFunctionName: true showThreadName: true showLevel: true showFileName: true showLineNumber: true showDate: true])]...
2024-08-05 13:05:18.155 [Info] [com.cerebralgardens.xcglogger.defaultInstance] [main] [JustACoreLocAndWeather1AppDelegate.swift:301] setupAppDelegateXCGLogger() > JustACoreLocAndWeather1AppDelegate(.swift).(v1.0804):'setupAppDelegateXCGLogger()': XCGLogger 'log' (default) instance destination #(0) TYPE is [Optional<DestinationProtocol>]...
2024-08-05 13:05:18.155 [Info] [com.cerebralgardens.xcglogger.defaultInstance] [main] [JustACoreLocAndWeather1AppDelegate.swift:302] setupAppDelegateXCGLogger() > JustACoreLocAndWeather1AppDelegate(.swift).(v1.0804):'setupAppDelegateXCGLogger()': XCGLogger 'log' (default) instance destination #(0) 'is' FileDestination [false]...
2024-08-05 13:05:18.155 [Info] [com.cerebralgardens.xcglogger.defaultInstance] [main] [JustACoreLocAndWeather1AppDelegate.swift:303] setupAppDelegateXCGLogger() > JustACoreLocAndWeather1AppDelegate(.swift).(v1.0804):'setupAppDelegateXCGLogger()': XCGLogger 'log' (default) instance destination #(0) Destination 'identifier' is [Optional("com.cerebralgardens.xcglogger.logdestination.console")]...
2024-08-05 13:05:18.155 [Info] [com.cerebralgardens.xcglogger.defaultInstance] [main] [JustACoreLocAndWeather1AppDelegate.swift:304] setupAppDelegateXCGLogger() > JustACoreLocAndWeather1AppDelegate(.swift).(v1.0804):'setupAppDelegateXCGLogger()': XCGLogger 'log' (default) instance destination #(0) is [Optional(ConsoleDestination: com.cerebralgardens.xcglogger.logdestination.console - Level: Verbose showLogIdentifier: true showFunctionName: true showThreadName: true showLevel: true showFileName: true showLineNumber: true showDate: true)]...
2024-08-05 13:05:18.155 [Info] [com.cerebralgardens.xcglogger.defaultInstance] [main] [JustACoreLocAndWeather1AppDelegate.swift:301] setupAppDelegateXCGLogger() > JustACoreLocAndWeather1AppDelegate(.swift).(v1.0804):'setupAppDelegateXCGLogger()': XCGLogger 'log' (default) instance destination #(1) TYPE is [Optional<DestinationProtocol>]...
2024-08-05 13:05:18.155 [Info] [com.cerebralgardens.xcglogger.defaultInstance] [main] [JustACoreLocAndWeather1AppDelegate.swift:302] setupAppDelegateXCGLogger() > JustACoreLocAndWeather1AppDelegate(.swift).(v1.0804):'setupAppDelegateXCGLogger()': XCGLogger 'log' (default) instance destination #(1) 'is' FileDestination [true]...
2024-08-05 13:05:18.155 [Info] [com.cerebralgardens.xcglogger.defaultInstance] [main] [JustACoreLocAndWeather1AppDelegate.swift:303] setupAppDelegateXCGLogger() > JustACoreLocAndWeather1AppDelegate(.swift).(v1.0804):'setupAppDelegateXCGLogger()': XCGLogger 'log' (default) instance destination #(1) Destination 'identifier' is [Optional("com.cerebralgardens.xcglogger.logdestination.file")]...
2024-08-05 13:05:18.156 [Info] [com.cerebralgardens.xcglogger.defaultInstance] [main] [JustACoreLocAndWeather1AppDelegate.swift:304] setupAppDelegateXCGLogger() > JustACoreLocAndWeather1AppDelegate(.swift).(v1.0804):'setupAppDelegateXCGLogger()': XCGLogger 'log' (default) instance destination #(1) is [Optional(FileDestination: com.cerebralgardens.xcglogger.logdestination.file - Level: Verbose showLogIdentifier: true showFunctionName: true showThreadName: true showLevel: true showFileName: true showLineNumber: true showDate: true)]...
2024-08-05 13:05:18.156 [Info] [com.cerebralgardens.xcglogger.defaultInstance] [main] [JustACoreLocAndWeather1AppDelegate.swift:311] setupAppDelegateXCGLogger() > JustACoreLocAndWeather1AppDelegate(.swift).(v1.0804):'setupAppDelegateXCGLogger()': XCGLogger 'log' FileDestination with 'identifier' of [com.cerebralgardens.xcglogger.logdestination.file] is writing to file [Optional(file:///var/mobile/Containers/Data/Application/2FFCF94E-490B-45F6-AC04-9BE1257E062B/Documents/JustACoreLocAndWeather1.log)]...
2024-08-05 13:05:18.156 [Info] [com.cerebralgardens.xcglogger.defaultInstance] [main] [JustACoreLocAndWeather1AppDelegate.swift:205] initAppDelegateTraceLog(initappdelegatetracelogtag:) > JustACoreLocAndWeather1AppDelegate(.swift).(v1.0804):'initAppDelegateTraceLog(initappdelegatetracelogtag:)': parameter 'initappdelegatetracelogtag' is [JustACoreLocAndWeather1AppDelegate(.swift).(v1.0804):'init()':<>1]...
2024-08-05 13:05:18.156 [Info] [com.cerebralgardens.xcglogger.defaultInstance] [main] [JustACoreLocAndWeather1AppDelegate.swift:220] initAppDelegateTraceLog(initappdelegatetracelogtag:) > JustACoreLocAndWeather1AppDelegate(.swift).(v1.0804):'initAppDelegateTraceLog(initappdelegatetracelogtag:)': AppDelegate TraceLog setup was called by [JustACoreLocAndWeather1AppDelegate(.swift).(v1.0804):'init()':<>1]...
2024-08-05 13:05:18.156 [Info] [com.cerebralgardens.xcglogger.defaultInstance] [main] [JustACoreLocAndWeather1AppDelegate.swift:144] init() > JustACoreLocAndWeather1AppDelegate(.swift).(v1.0804):'init()': Method Invoked - #(1) time(s) - 'sApplicationName' is [JustACoreLocAndWeather1]...
2024-08-05 13:05:18.156 [Info] [com.cerebralgardens.xcglogger.defaultInstance] [main] [JustACoreLocAndWeather1AppDelegate.swift:145] init() > JustACoreLocAndWeather1AppDelegate(.swift).(v1.0804):'init()': AppDelegate is starting - 'self' is [<JustACoreLocAndWeather1.JustACoreLocAndWeather1AppDelegate: 0x30002c1a0>]...
2024-08-05 13:05:18.156 [Info] [com.cerebralgardens.xcglogger.defaultInstance] [main] [JustACoreLocAndWeather1AppDelegate.swift:146] init() > JustACoreLocAndWeather1AppDelegate(.swift).(v1.0804):'init()': XCGLogger 'log' instance 'self.xcgLogger' is being used (default instance)...
2024-08-05 13:05:18.156 [Info] [com.cerebralgardens.xcglogger.defaultInstance] [main] [JustACoreLocAndWeather1AppDelegate.swift:575] dumpAppInfoPlistToLog() > JustACoreLocAndWeather1AppDelegate(.swift).(v1.0804):'dumpAppInfoPlistToLog()': Invoked...
2024-08-05 13:05:18.156 [Info] [com.cerebralgardens.xcglogger.defaultInstance] [main] [JustACoreLocAndWeather1AppDelegate.swift:610] dumpAppInfoPlistToLog() > JustACoreLocAndWeather1AppDelegate(.swift).(v1.0804):'dumpAppInfoPlistToLog()': Read the dictionary 'dictInfoPlist' with (37) element(s) of [["CFBundleDisplayName": JustACoreLocAndWeather1, "NSLocationUsageDescription": This App uses your Location to provice City and Weather information, "NSLocationWhenInUseUsageDescription": This App uses your Location to provice City and Weather information, "CFBundleIcons~ipad": {
    CFBundlePrimaryIcon =     {
        CFBundleIconFiles =         (
            AppIcon60x60,
            AppIcon76x76
        );
        CFBundleIconName = AppIcon;
    };
}, "UIApplicationSceneManifest": {
    UIApplicationSupportsMultipleScenes = 1;
    UISceneConfigurations =     {
    };
}, "DTPlatformBuild": 21F77, "BuildMachineOSBuild": 23F79, "NSLocationDefaultAccuracyReduced": 0, "CFBundleSupportedPlatforms": <__NSArrayM 0x30352a280>(
iPhoneOS
)
, "UILaunchScreen": {
    UILaunchScreen =     {
    };
}, "CFBundleShortVersionString": 1.01, "DTCompiler": com.apple.compilers.llvm.clang.1_0, "CFBundleIdentifier": net.justmacapps.JustACoreLocAndWeather1, "UIRequiredDeviceCapabilities": <__NSArrayM 0x30352a760>(
arm64
)
, "CFBundleExecutable": JustACoreLocAndWeather1, "UIDeviceFamily": <__NSArrayM 0x30352a6a0>(
1,
2
)
, "CFBundleName": JustACoreLocAndWeather1, "CFBundleDevelopmentRegion": en, "DTXcodeBuild": 15F31d, "LSApplicationCategoryType": public.app-category.weather, "DTPlatformName": iphoneos, "UISupportedInterfaceOrientations~ipad": <__NSArrayM 0x30352a880>(
UIInterfaceOrientationPortrait,
UIInterfaceOrientationPortraitUpsideDown,
UIInterfaceOrientationLandscapeLeft,
UIInterfaceOrientationLandscapeRight
)
, "DTXcode": 1540, "UISupportedInterfaceOrientations~iphone": <__NSArrayM 0x30352a970>(
UIInterfaceOrientationPortrait,
UIInterfaceOrientationLandscapeLeft,
UIInterfaceOrientationLandscapeRight
)
, "DTSDKBuild": 21F77, "MinimumOSVersion": 17.5, "NSHumanReadableCopyright": Copyright © JustMacApps 2023-2024. All rights reserved., "CFBundleVersion": 06.12.24C218, "NSLocationAlwaysUsageDescription": This App uses your Location to provice City and Weather information, "LSRequiresIPhoneOS": 1, "CFBundleInfoDictionaryVersion": 6.0, "DTPlatformVersion": 17.5, "CFBundlePackageType": APPL, "NSLocationAlwaysAndWhenInUseUsageDescription": This App uses your Location to provice City and Weather information, "DTSDKName": iphoneos17.5, "UIApplicationSupportsIndirectInputEvents": 1, "CFBundleIcons": {
    CFBundlePrimaryIcon =     {
        CFBundleIconFiles =         (
            AppIcon60x60
        );
        CFBundleIconName = AppIcon;
    };
}]] from file [Optional(file:///private/var/containers/Bundle/Application/B7AA9A3C-A27C-47F5-BF9B-A6345E7EEBAA/JustACoreLocAndWeather1.app/Info.plist)]...
2024-08-05 13:05:18.156 [Info] [com.cerebralgardens.xcglogger.defaultInstance] [main] [JustACoreLocAndWeather1AppDelegate.swift:614] dumpAppInfoPlistToLog() > JustACoreLocAndWeather1AppDelegate(.swift).(v1.0804):'dumpAppInfoPlistToLog()': Exiting...
2024-08-05 13:05:18.157 [Info] [com.cerebralgardens.xcglogger.defaultInstance] [main] [HelpBasicLoader.swift:177] xcgLoggerMsg(sMessage:) > HelpBasicLoader.(v1.0506):  'loadHelpBasicContents(helpbasicfileext:helpbasicloadertag:)' - Invoked...
2024-08-05 13:05:18.157 [Info] [com.cerebralgardens.xcglogger.defaultInstance] [main] [HelpBasicLoader.swift:177] xcgLoggerMsg(sMessage:) > HelpBasicLoader.(v1.0506):  'loadHelpBasicContents(helpbasicfileext:helpbasicloadertag:)' - Loading the HELP 'Basic' contents from file extension of [html] via ['appDidFinish...()']...
HelpBasicLoader.(v1.0506):  'loadHelpBasicContents(helpbasicfileext:helpbasicloadertag:)' - HELP 'basic' contents 'self.sHelpBasicContents' via ['appDidFinish...()'] are [<html>

<head>
    <title JustMacApps></title>
    <meta http-equiv="Content-Type" content="text/html; charset=utf-8"/> 
</head>

<body bgcolor="black">

<br>
<h3><font color="white"><center><b> ...'Basic' HELP... </b></center></font></h3>
<br>

<p>This is a demo of a 'basic' HTML HELP (paragraph #1)...</p>
<br>
<p> <b>And</b> this is (paragraph #2)...</p>

</body>

</html>
]...
2024-08-05 13:05:18.157 [Info] [com.cerebralgardens.xcglogger.defaultInstance] [main] [HelpBasicLoader.swift:177] xcgLoggerMsg(sMessage:) > HelpBasicLoader.(v1.0506):  'loadHelpBasicContents(helpbasicfileext:helpbasicloadertag:)' - HELP 'basic' contents 'self.sHelpBasicContents' via ['appDidFinish...()'] are [<html>

<head>
    <title JustMacApps></title>
    <meta http-equiv="Content-Type" content="text/html; charset=utf-8"/> 
</head>

<body bgcolor="black">

<br>
<h3><font color="white"><center><b> ...'Basic' HELP... </b></center></font></h3>
<br>

<p>This is a demo of a 'basic' HTML HELP (paragraph #1)...</p>
<br>
<p> <b>And</b> this is (paragraph #2)...</p>

</body>

</html>
]...
2024-08-05 13:05:18.188 [Info] [com.cerebralgardens.xcglogger.defaultInstance] [main] [HelpBasicLoader.swift:177] xcgLoggerMsg(sMessage:) > 
2024-08-05 13:05:18.189 [Info] [com.cerebralgardens.xcglogger.defaultInstance] [main] [HelpBasicLoader.swift:177] xcgLoggerMsg(sMessage:) > HelpBasicLoader.(v1.0506):  'loadHelpBasicContents(helpbasicfileext:helpbasicloadertag:)' - Exiting...
2024-08-05 13:05:18.189 [Info] [com.cerebralgardens.xcglogger.defaultInstance] [main] [JustACoreLocAndWeather1AppDelegate.swift:626] getAppVersionAndBuildNumber() > JustACoreLocAndWeather1AppDelegate(.swift).(v1.0804):'getAppVersionAndBuildNumber()': Invoked...
2024-08-05 13:05:18.189 [Info] [com.cerebralgardens.xcglogger.defaultInstance] [main] [JustACoreLocAndWeather1AppDelegate.swift:634] getAppVersionAndBuildNumber() > JustACoreLocAndWeather1AppDelegate(.swift).(v1.0804):'getAppVersionAndBuildNumber()': Exiting - '' is [Version v1.01 (06.12.24C218)]...
2024-08-05 13:05:18.189 [Info] [com.cerebralgardens.xcglogger.defaultInstance] [main] [JustACoreLocAndWeather1AppDelegate.swift:187] init() > JustACoreLocAndWeather1AppDelegate(.swift).(v1.0804):'init()': Method Exiting - #(1) time(s) - 'sApplicationName' is [JustACoreLocAndWeather1] - 'sAppVersionAndBuildNumber' is [Version v1.01 (06.12.24C218)]...
2024-08-05 13:05:18.189 [Info] [com.cerebralgardens.xcglogger.defaultInstance] [main] [CoreLocationModelObservable.swift:288] xcgLoggerMsg(sMessage:) > CoreLocationModelObservable(.swift).(v1.0405):'init()' Invoked...
2024-08-05 13:05:18.190 [Info] [com.cerebralgardens.xcglogger.defaultInstance] [main] [CoreLocationModelObservable.swift:288] xcgLoggerMsg(sMessage:) > CoreLocationModelObservable(.swift).(v1.0405):'requestLocationUpdate()' Invoked...
2024-08-05 13:05:18.190 [Info] [com.cerebralgardens.xcglogger.defaultInstance] [main] [CoreLocationModelObservable.swift:288] xcgLoggerMsg(sMessage:) > CoreLocationModelObservable(.swift).(v1.0405):'requestLocationUpdate()' Exiting...
2024-08-05 13:05:18.190 [Info] [com.cerebralgardens.xcglogger.defaultInstance] [main] [CoreLocationModelObservable.swift:288] xcgLoggerMsg(sMessage:) > CoreLocationModelObservable(.swift).(v1.0405):'init()' Exiting...
2024-08-05 13:05:18.248 [Info] [com.cerebralgardens.xcglogger.defaultInstance] [main] [CoreLocationModelObservable.swift:288] xcgLoggerMsg(sMessage:) > CoreLocationModelObservable(.swift).(v1.0405):'locationManagerDidChangeAuthorization(_:)' Invoked...
2024-08-05 13:05:18.248 [Info] [com.cerebralgardens.xcglogger.defaultInstance] [main] [CoreLocationModelObservable.swift:288] xcgLoggerMsg(sMessage:) > The User has changed the selection to 'Always Allow'...
2024-08-05 13:05:18.248 [Info] [com.cerebralgardens.xcglogger.defaultInstance] [main] [CoreLocationModelObservable.swift:288] xcgLoggerMsg(sMessage:) > CoreLocationModelObservable(.swift).(v1.0405):'locationManagerDidChangeAuthorization(_:)' Exiting...
2024-08-05 13:05:18.248 [Info] [com.cerebralgardens.xcglogger.defaultInstance] [main] [CoreLocationModelObservable.swift:288] xcgLoggerMsg(sMessage:) > CoreLocationModelObservable(.swift).(v1.0405):'locationManager(_:didUpdateLocations:)' Invoked...
2024-08-05 13:05:18.248 [Info] [com.cerebralgardens.xcglogger.defaultInstance] [main] [CoreLocationModelObservable.swift:288] xcgLoggerMsg(sMessage:) > Latitude: 32.863067626953125, Longitude: -97.19303563867025
2024-08-05 13:05:18.248 [Info] [com.cerebralgardens.xcglogger.defaultInstance] [main] [CoreLocationModelObservable.swift:288] xcgLoggerMsg(sMessage:) > CoreLocationModelObservable(.swift).(v1.0405):'locationManager(_:didUpdateLocations:)' Exiting...
2024-08-05 13:05:18.255 [Info] [com.cerebralgardens.xcglogger.defaultInstance] [main] [JustACoreLocAndWeather1App.swift:65] xcgLogger(sMessage:) > JustACoreLocAndWeather1App(.swift).(v1.0301)::body(some Scene) Copyright (C) JustMacApps 2023-2024. All Rights Reserved....
2024-08-05 13:05:18.255 [Info] [com.cerebralgardens.xcglogger.defaultInstance] [main] [JustACoreLocAndWeather1App.swift:65] xcgLogger(sMessage:) > JustACoreLocAndWeather1App(.swift).(v1.0301)::body(some Scene) - 'sAppBundlePath' is [/private/var/containers/Bundle/Application/B7AA9A3C-A27C-47F5-BF9B-A6345E7EEBAA/JustACoreLocAndWeather1.app]...
2024-08-05 13:05:18.274 [Info] [com.cerebralgardens.xcglogger.defaultInstance] [main] [ContentView.swift:269] xcgLoggerMsg(sMessage:) > ContentView(.swift).(v1.0502)::body(some View) Copyright (C) JustMacApps 2023-2024. All Rights Reserved....
2024-08-05 13:05:18.355 [Info] [com.cerebralgardens.xcglogger.defaultInstance] [main] [CoreLocationModelObservable.swift:288] xcgLoggerMsg(sMessage:) > CoreLocationModelObservable(.swift).(v1.0405):'requestLocationUpdate()' Invoked...
2024-08-05 13:05:18.355 [Info] [com.cerebralgardens.xcglogger.defaultInstance] [main] [CoreLocationModelObservable.swift:288] xcgLoggerMsg(sMessage:) > CoreLocationModelObservable(.swift).(v1.0405):'requestLocationUpdate()' Exiting...
2024-08-05 13:05:18.357 [Info] [com.cerebralgardens.xcglogger.defaultInstance] [main] [CoreLocationModelObservable.swift:288] xcgLoggerMsg(sMessage:) > CoreLocationModelObservable(.swift).(v1.0405):'updateGeocoderLocation(latitude:longitude:)' Invoked...
2024-08-05 13:05:18.357 [Info] [com.cerebralgardens.xcglogger.defaultInstance] [main] [CoreLocationModelObservable.swift:288] xcgLoggerMsg(sMessage:) > CoreLocationModelObservable(.swift).(v1.0405):'updateGeocoderLocation(latitude:longitude:)' Exiting...
2024-08-05 13:05:18.362 [Info] [com.cerebralgardens.xcglogger.defaultInstance] [main] [CoreLocationModelObservable.swift:288] xcgLoggerMsg(sMessage:) > CoreLocationModelObservable(.swift).(v1.0405):'locationManager(_:didUpdateLocations:)' Invoked...
2024-08-05 13:05:18.362 [Info] [com.cerebralgardens.xcglogger.defaultInstance] [main] [CoreLocationModelObservable.swift:288] xcgLoggerMsg(sMessage:) > Latitude: 32.863067626953125, Longitude: -97.19303563867025
2024-08-05 13:05:18.362 [Info] [com.cerebralgardens.xcglogger.defaultInstance] [main] [CoreLocationModelObservable.swift:288] xcgLoggerMsg(sMessage:) > CoreLocationModelObservable(.swift).(v1.0405):'locationManager(_:didUpdateLocations:)' Exiting...
2024-08-05 13:05:19.601 [Info] [com.cerebralgardens.xcglogger.defaultInstance] [main] [ContentView.swift:269] xcgLoggerMsg(sMessage:) > ContentView(.swift).(v1.0502)::body(some View) Copyright (C) JustMacApps 2023-2024. All Rights Reserved....
2024-08-05 13:05:20.274 [Info] [com.cerebralgardens.xcglogger.defaultInstance] [main] [ContentView.swift:269] xcgLoggerMsg(sMessage:) > ContentView(.swift).(v1.0502):ContentView in Button(Xcode).'Settings'.#(1)...
2024-08-05 13:05:21.855 [Info] [com.cerebralgardens.xcglogger.defaultInstance] [main] [SettingsSingleView.swift:274] xcgLoggerMsg(sMessage:) > SettingsSingleView.(v1.0801): :SettingsSingleView in Button(Xcode).'App About'.#(1)...
2024-08-05 13:05:21.864 [Info] [com.cerebralgardens.xcglogger.defaultInstance] [main] [JustACoreLocAndWeather1AppDelegate.swift:626] getAppVersionAndBuildNumber() > JustACoreLocAndWeather1AppDelegate(.swift).(v1.0804):'getAppVersionAndBuildNumber()': Invoked...
2024-08-05 13:05:21.864 [Info] [com.cerebralgardens.xcglogger.defaultInstance] [main] [JustACoreLocAndWeather1AppDelegate.swift:634] getAppVersionAndBuildNumber() > JustACoreLocAndWeather1AppDelegate(.swift).(v1.0804):'getAppVersionAndBuildNumber()': Exiting - '' is [Version v1.01 (06.12.24C218)]...
2024-08-05 13:05:50.027 [Info] [com.cerebralgardens.xcglogger.defaultInstance] [main] [AppAboutView.swift:194] xcgLoggerMsg(sMessage:) > AppAboutView.(v1.0107): :AppAboutView.Button(Xcode).'Dismiss' pressed...
2024-08-05 13:05:57.526 [Info] [com.cerebralgardens.xcglogger.defaultInstance] [main] [SettingsSingleView.swift:274] xcgLoggerMsg(sMessage:) > SettingsSingleView.(v1.0801): :SettingsSingleView.Button(Xcode).'Dismiss' pressed...
2024-08-05 13:05:59.277 [Info] [com.cerebralgardens.xcglogger.defaultInstance] [main] [CoreLocationModelObservable.swift:288] xcgLoggerMsg(sMessage:) > CoreLocationModelObservable(.swift).(v1.0405):'requestLocationUpdate()' Invoked...
2024-08-05 13:05:59.279 [Info] [com.cerebralgardens.xcglogger.defaultInstance] [main] [CoreLocationModelObservable.swift:288] xcgLoggerMsg(sMessage:) > CoreLocationModelObservable(.swift).(v1.0405):'requestLocationUpdate()' Exiting...
2024-08-05 13:05:59.283 [Info] [com.cerebralgardens.xcglogger.defaultInstance] [main] [CoreLocationModelObservable.swift:288] xcgLoggerMsg(sMessage:) > CoreLocationModelObservable(.swift).(v1.0405):'updateGeocoderLocation(latitude:longitude:)' Invoked...
2024-08-05 13:05:59.284 [Info] [com.cerebralgardens.xcglogger.defaultInstance] [main] [CoreLocationModelObservable.swift:288] xcgLoggerMsg(sMessage:) > CoreLocationModelObservable(.swift).(v1.0405):'updateGeocoderLocation(latitude:longitude:)' Exiting...
2024-08-05 13:05:59.284 [Info] [com.cerebralgardens.xcglogger.defaultInstance] [main] [ContentView.swift:269] xcgLoggerMsg(sMessage:) > ContentView(.swift).(v1.0502):ContentView in Button(Xcode).'Refresh'.#(1)...
2024-08-05 13:05:59.285 [Info] [com.cerebralgardens.xcglogger.defaultInstance] [main] [ContentView.swift:269] xcgLoggerMsg(sMessage:) > ContentView(.swift).(v1.0502)::body(some View) Copyright (C) JustMacApps 2023-2024. All Rights Reserved....
2024-08-05 13:05:59.298 [Info] [com.cerebralgardens.xcglogger.defaultInstance] [main] [CoreLocationModelObservable.swift:288] xcgLoggerMsg(sMessage:) > CoreLocationModelObservable(.swift).(v1.0405):'locationManager(_:didUpdateLocations:)' Invoked...
2024-08-05 13:05:59.298 [Info] [com.cerebralgardens.xcglogger.defaultInstance] [main] [CoreLocationModelObservable.swift:288] xcgLoggerMsg(sMessage:) > Latitude: 32.863067626953125, Longitude: -97.19303563867025
2024-08-05 13:05:59.298 [Info] [com.cerebralgardens.xcglogger.defaultInstance] [main] [CoreLocationModelObservable.swift:288] xcgLoggerMsg(sMessage:) > CoreLocationModelObservable(.swift).(v1.0405):'locationManager(_:didUpdateLocations:)' Exiting...
2024-08-05 13:05:59.383 [Info] [com.cerebralgardens.xcglogger.defaultInstance] [main] [ContentView.swift:269] xcgLoggerMsg(sMessage:) > ContentView(.swift).(v1.0502)::body(some View) Copyright (C) JustMacApps 2023-2024. All Rights Reserved....
2024-08-05 13:05:59.819 [Info] [com.cerebralgardens.xcglogger.defaultInstance] [main] [CoreLocationModelObservable.swift:288] xcgLoggerMsg(sMessage:) > CoreLocationModelObservable(.swift).(v1.0405):'requestLocationUpdate()' Invoked...
2024-08-05 13:05:59.820 [Info] [com.cerebralgardens.xcglogger.defaultInstance] [main] [CoreLocationModelObservable.swift:288] xcgLoggerMsg(sMessage:) > CoreLocationModelObservable(.swift).(v1.0405):'requestLocationUpdate()' Exiting...
2024-08-05 13:05:59.824 [Info] [com.cerebralgardens.xcglogger.defaultInstance] [main] [CoreLocationModelObservable.swift:288] xcgLoggerMsg(sMessage:) > CoreLocationModelObservable(.swift).(v1.0405):'updateGeocoderLocation(latitude:longitude:)' Invoked...
2024-08-05 13:05:59.824 [Info] [com.cerebralgardens.xcglogger.defaultInstance] [main] [CoreLocationModelObservable.swift:288] xcgLoggerMsg(sMessage:) > CoreLocationModelObservable(.swift).(v1.0405):'updateGeocoderLocation(latitude:longitude:)' Exiting...
2024-08-05 13:05:59.824 [Info] [com.cerebralgardens.xcglogger.defaultInstance] [main] [ContentView.swift:269] xcgLoggerMsg(sMessage:) > ContentView(.swift).(v1.0502):ContentView in Button(Xcode).'Refresh'.#(2)...
2024-08-05 13:05:59.825 [Info] [com.cerebralgardens.xcglogger.defaultInstance] [main] [ContentView.swift:269] xcgLoggerMsg(sMessage:) > ContentView(.swift).(v1.0502)::body(some View) Copyright (C) JustMacApps 2023-2024. All Rights Reserved....
2024-08-05 13:05:59.834 [Info] [com.cerebralgardens.xcglogger.defaultInstance] [main] [CoreLocationModelObservable.swift:288] xcgLoggerMsg(sMessage:) > CoreLocationModelObservable(.swift).(v1.0405):'locationManager(_:didUpdateLocations:)' Invoked...
2024-08-05 13:05:59.834 [Info] [com.cerebralgardens.xcglogger.defaultInstance] [main] [CoreLocationModelObservable.swift:288] xcgLoggerMsg(sMessage:) > Latitude: 32.863067626953125, Longitude: -97.19303563867025
2024-08-05 13:05:59.834 [Info] [com.cerebralgardens.xcglogger.defaultInstance] [main] [CoreLocationModelObservable.swift:288] xcgLoggerMsg(sMessage:) > CoreLocationModelObservable(.swift).(v1.0405):'locationManager(_:didUpdateLocations:)' Exiting...
2024-08-05 13:05:59.900 [Info] [com.cerebralgardens.xcglogger.defaultInstance] [main] [ContentView.swift:269] xcgLoggerMsg(sMessage:) > ContentView(.swift).(v1.0502)::body(some View) Copyright (C) JustMacApps 2023-2024. All Rights Reserved....
2024-08-05 13:06:00.369 [Info] [com.cerebralgardens.xcglogger.defaultInstance] [main] [CoreLocationModelObservable.swift:288] xcgLoggerMsg(sMessage:) > CoreLocationModelObservable(.swift).(v1.0405):'requestLocationUpdate()' Invoked...
2024-08-05 13:06:00.370 [Info] [com.cerebralgardens.xcglogger.defaultInstance] [main] [CoreLocationModelObservable.swift:288] xcgLoggerMsg(sMessage:) > CoreLocationModelObservable(.swift).(v1.0405):'requestLocationUpdate()' Exiting...
2024-08-05 13:06:00.374 [Info] [com.cerebralgardens.xcglogger.defaultInstance] [main] [CoreLocationModelObservable.swift:288] xcgLoggerMsg(sMessage:) > CoreLocationModelObservable(.swift).(v1.0405):'updateGeocoderLocation(latitude:longitude:)' Invoked...
2024-08-05 13:06:00.375 [Info] [com.cerebralgardens.xcglogger.defaultInstance] [main] [CoreLocationModelObservable.swift:288] xcgLoggerMsg(sMessage:) > CoreLocationModelObservable(.swift).(v1.0405):'updateGeocoderLocation(latitude:longitude:)' Exiting...
2024-08-05 13:06:00.375 [Info] [com.cerebralgardens.xcglogger.defaultInstance] [main] [ContentView.swift:269] xcgLoggerMsg(sMessage:) > ContentView(.swift).(v1.0502):ContentView in Button(Xcode).'Refresh'.#(3)...
2024-08-05 13:06:00.376 [Info] [com.cerebralgardens.xcglogger.defaultInstance] [main] [ContentView.swift:269] xcgLoggerMsg(sMessage:) > ContentView(.swift).(v1.0502)::body(some View) Copyright (C) JustMacApps 2023-2024. All Rights Reserved....
2024-08-05 13:06:00.385 [Info] [com.cerebralgardens.xcglogger.defaultInstance] [main] [CoreLocationModelObservable.swift:288] xcgLoggerMsg(sMessage:) > CoreLocationModelObservable(.swift).(v1.0405):'locationManager(_:didUpdateLocations:)' Invoked...
2024-08-05 13:06:00.385 [Info] [com.cerebralgardens.xcglogger.defaultInstance] [main] [CoreLocationModelObservable.swift:288] xcgLoggerMsg(sMessage:) > Latitude: 32.863067626953125, Longitude: -97.19303563867025
2024-08-05 13:06:00.385 [Info] [com.cerebralgardens.xcglogger.defaultInstance] [main] [CoreLocationModelObservable.swift:288] xcgLoggerMsg(sMessage:) > CoreLocationModelObservable(.swift).(v1.0405):'locationManager(_:didUpdateLocations:)' Exiting...
2024-08-05 13:06:00.385 [Info] [com.cerebralgardens.xcglogger.defaultInstance] [main] [CoreLocationModelObservable.swift:288] xcgLoggerMsg(sMessage:) > CoreLocationModelObservable(.swift).(v1.0405):'locationManager(_:didUpdateLocations:)' Invoked...
2024-08-05 13:06:00.385 [Info] [com.cerebralgardens.xcglogger.defaultInstance] [main] [CoreLocationModelObservable.swift:288] xcgLoggerMsg(sMessage:) > Latitude: 32.863067626953125, Longitude: -97.19303563867025
2024-08-05 13:06:00.385 [Info] [com.cerebralgardens.xcglogger.defaultInstance] [main] [CoreLocationModelObservable.swift:288] xcgLoggerMsg(sMessage:) > CoreLocationModelObservable(.swift).(v1.0405):'locationManager(_:didUpdateLocations:)' Exiting...
2024-08-05 13:06:00.624 [Info] [com.cerebralgardens.xcglogger.defaultInstance] [main] [ContentView.swift:269] xcgLoggerMsg(sMessage:) > ContentView(.swift).(v1.0502)::body(some View) Copyright (C) JustMacApps 2023-2024. All Rights Reserved....
2024-08-05 13:06:01.953 [Info] [com.cerebralgardens.xcglogger.defaultInstance] [main] [ContentView.swift:269] xcgLoggerMsg(sMessage:) > ContentView(.swift).(v1.0502):ContentView in Button(Xcode).'Site Detail(s)'.#(1)...
2024-08-05 13:06:01.967 [Info] [com.cerebralgardens.xcglogger.defaultInstance] [main] [CoreLocationSiteDetailsView.swift:137] xcgLoggerMsg(sMessage:) > CoreLocationSiteDetailsView(.swift).(v1.0301)::body(some View) Copyright (C) JustMacApps 2023-2024. All Rights Reserved....
2024-08-05 13:06:03.212 [Info] [com.cerebralgardens.xcglogger.defaultInstance] [main] [CoreLocationModelObservable.swift:288] xcgLoggerMsg(sMessage:) > CoreLocationModelObservable(.swift).(v1.0405):'requestLocationUpdate()' Invoked...
2024-08-05 13:06:03.213 [Info] [com.cerebralgardens.xcglogger.defaultInstance] [main] [CoreLocationModelObservable.swift:288] xcgLoggerMsg(sMessage:) > CoreLocationModelObservable(.swift).(v1.0405):'requestLocationUpdate()' Exiting...
2024-08-05 13:06:03.217 [Info] [com.cerebralgardens.xcglogger.defaultInstance] [main] [CoreLocationModelObservable.swift:288] xcgLoggerMsg(sMessage:) > CoreLocationModelObservable(.swift).(v1.0405):'updateGeocoderLocation(latitude:longitude:)' Invoked...
2024-08-05 13:06:03.218 [Info] [com.cerebralgardens.xcglogger.defaultInstance] [main] [CoreLocationModelObservable.swift:288] xcgLoggerMsg(sMessage:) > CoreLocationModelObservable(.swift).(v1.0405):'updateGeocoderLocation(latitude:longitude:)' Exiting...
2024-08-05 13:06:03.218 [Info] [com.cerebralgardens.xcglogger.defaultInstance] [main] [CoreLocationSiteDetailsView.swift:137] xcgLoggerMsg(sMessage:) > CoreLocationSiteDetailsView(.swift).(v1.0301):CoreLocationSiteDetailsView.Button(Xcode).'Refresh'.#(1)...
2024-08-05 13:06:03.219 [Info] [com.cerebralgardens.xcglogger.defaultInstance] [main] [CoreLocationSiteDetailsView.swift:137] xcgLoggerMsg(sMessage:) > CoreLocationSiteDetailsView(.swift).(v1.0301)::body(some View) Copyright (C) JustMacApps 2023-2024. All Rights Reserved....
2024-08-05 13:06:03.225 [Info] [com.cerebralgardens.xcglogger.defaultInstance] [main] [CoreLocationModelObservable.swift:288] xcgLoggerMsg(sMessage:) > CoreLocationModelObservable(.swift).(v1.0405):'locationManager(_:didUpdateLocations:)' Invoked...
2024-08-05 13:06:03.226 [Info] [com.cerebralgardens.xcglogger.defaultInstance] [main] [CoreLocationModelObservable.swift:288] xcgLoggerMsg(sMessage:) > Latitude: 32.863067626953125, Longitude: -97.19303563867025
2024-08-05 13:06:03.226 [Info] [com.cerebralgardens.xcglogger.defaultInstance] [main] [CoreLocationModelObservable.swift:288] xcgLoggerMsg(sMessage:) > CoreLocationModelObservable(.swift).(v1.0405):'locationManager(_:didUpdateLocations:)' Exiting...
2024-08-05 13:06:03.290 [Info] [com.cerebralgardens.xcglogger.defaultInstance] [main] [ContentView.swift:269] xcgLoggerMsg(sMessage:) > ContentView(.swift).(v1.0502)::body(some View) Copyright (C) JustMacApps 2023-2024. All Rights Reserved....
2024-08-05 13:06:03.295 [Info] [com.cerebralgardens.xcglogger.defaultInstance] [main] [CoreLocationSiteDetailsView.swift:137] xcgLoggerMsg(sMessage:) > CoreLocationSiteDetailsView(.swift).(v1.0301)::body(some View) Copyright (C) JustMacApps 2023-2024. All Rights Reserved....
2024-08-05 13:06:03.298 [Info] [com.cerebralgardens.xcglogger.defaultInstance] [main] [CoreLocationSiteDetailsView.swift:137] xcgLoggerMsg(sMessage:) > CoreLocationSiteDetailsView(.swift).(v1.0301)::body(some View) Copyright (C) JustMacApps 2023-2024. All Rights Reserved....
2024-08-05 13:06:03.679 [Info] [com.cerebralgardens.xcglogger.defaultInstance] [main] [CoreLocationModelObservable.swift:288] xcgLoggerMsg(sMessage:) > CoreLocationModelObservable(.swift).(v1.0405):'requestLocationUpdate()' Invoked...
2024-08-05 13:06:03.680 [Info] [com.cerebralgardens.xcglogger.defaultInstance] [main] [CoreLocationModelObservable.swift:288] xcgLoggerMsg(sMessage:) > CoreLocationModelObservable(.swift).(v1.0405):'requestLocationUpdate()' Exiting...
2024-08-05 13:06:03.684 [Info] [com.cerebralgardens.xcglogger.defaultInstance] [main] [CoreLocationModelObservable.swift:288] xcgLoggerMsg(sMessage:) > CoreLocationModelObservable(.swift).(v1.0405):'updateGeocoderLocation(latitude:longitude:)' Invoked...
2024-08-05 13:06:03.684 [Info] [com.cerebralgardens.xcglogger.defaultInstance] [main] [CoreLocationModelObservable.swift:288] xcgLoggerMsg(sMessage:) > CoreLocationModelObservable(.swift).(v1.0405):'updateGeocoderLocation(latitude:longitude:)' Exiting...
2024-08-05 13:06:03.684 [Info] [com.cerebralgardens.xcglogger.defaultInstance] [main] [CoreLocationSiteDetailsView.swift:137] xcgLoggerMsg(sMessage:) > CoreLocationSiteDetailsView(.swift).(v1.0301):CoreLocationSiteDetailsView.Button(Xcode).'Refresh'.#(2)...
2024-08-05 13:06:03.685 [Info] [com.cerebralgardens.xcglogger.defaultInstance] [main] [CoreLocationSiteDetailsView.swift:137] xcgLoggerMsg(sMessage:) > CoreLocationSiteDetailsView(.swift).(v1.0301)::body(some View) Copyright (C) JustMacApps 2023-2024. All Rights Reserved....
2024-08-05 13:06:03.690 [Info] [com.cerebralgardens.xcglogger.defaultInstance] [main] [CoreLocationModelObservable.swift:288] xcgLoggerMsg(sMessage:) > CoreLocationModelObservable(.swift).(v1.0405):'locationManager(_:didUpdateLocations:)' Invoked...
2024-08-05 13:06:03.690 [Info] [com.cerebralgardens.xcglogger.defaultInstance] [main] [CoreLocationModelObservable.swift:288] xcgLoggerMsg(sMessage:) > Latitude: 32.863067626953125, Longitude: -97.19303563867025
2024-08-05 13:06:03.690 [Info] [com.cerebralgardens.xcglogger.defaultInstance] [main] [CoreLocationModelObservable.swift:288] xcgLoggerMsg(sMessage:) > CoreLocationModelObservable(.swift).(v1.0405):'locationManager(_:didUpdateLocations:)' Exiting...
2024-08-05 13:06:03.763 [Info] [com.cerebralgardens.xcglogger.defaultInstance] [main] [ContentView.swift:269] xcgLoggerMsg(sMessage:) > ContentView(.swift).(v1.0502)::body(some View) Copyright (C) JustMacApps 2023-2024. All Rights Reserved....
2024-08-05 13:06:03.769 [Info] [com.cerebralgardens.xcglogger.defaultInstance] [main] [CoreLocationSiteDetailsView.swift:137] xcgLoggerMsg(sMessage:) > CoreLocationSiteDetailsView(.swift).(v1.0301)::body(some View) Copyright (C) JustMacApps 2023-2024. All Rights Reserved....
2024-08-05 13:06:03.770 [Info] [com.cerebralgardens.xcglogger.defaultInstance] [main] [CoreLocationSiteDetailsView.swift:137] xcgLoggerMsg(sMessage:) > CoreLocationSiteDetailsView(.swift).(v1.0301)::body(some View) Copyright (C) JustMacApps 2023-2024. All Rights Reserved....
2024-08-05 13:06:04.096 [Info] [com.cerebralgardens.xcglogger.defaultInstance] [main] [CoreLocationModelObservable.swift:288] xcgLoggerMsg(sMessage:) > CoreLocationModelObservable(.swift).(v1.0405):'requestLocationUpdate()' Invoked...
2024-08-05 13:06:04.097 [Info] [com.cerebralgardens.xcglogger.defaultInstance] [main] [CoreLocationModelObservable.swift:288] xcgLoggerMsg(sMessage:) > CoreLocationModelObservable(.swift).(v1.0405):'requestLocationUpdate()' Exiting...
2024-08-05 13:06:04.101 [Info] [com.cerebralgardens.xcglogger.defaultInstance] [main] [CoreLocationModelObservable.swift:288] xcgLoggerMsg(sMessage:) > CoreLocationModelObservable(.swift).(v1.0405):'updateGeocoderLocation(latitude:longitude:)' Invoked...
2024-08-05 13:06:04.101 [Info] [com.cerebralgardens.xcglogger.defaultInstance] [main] [CoreLocationModelObservable.swift:288] xcgLoggerMsg(sMessage:) > CoreLocationModelObservable(.swift).(v1.0405):'updateGeocoderLocation(latitude:longitude:)' Exiting...
2024-08-05 13:06:04.101 [Info] [com.cerebralgardens.xcglogger.defaultInstance] [main] [CoreLocationSiteDetailsView.swift:137] xcgLoggerMsg(sMessage:) > CoreLocationSiteDetailsView(.swift).(v1.0301):CoreLocationSiteDetailsView.Button(Xcode).'Refresh'.#(3)...
2024-08-05 13:06:04.103 [Info] [com.cerebralgardens.xcglogger.defaultInstance] [main] [CoreLocationSiteDetailsView.swift:137] xcgLoggerMsg(sMessage:) > CoreLocationSiteDetailsView(.swift).(v1.0301)::body(some View) Copyright (C) JustMacApps 2023-2024. All Rights Reserved....
2024-08-05 13:06:04.108 [Info] [com.cerebralgardens.xcglogger.defaultInstance] [main] [CoreLocationModelObservable.swift:288] xcgLoggerMsg(sMessage:) > CoreLocationModelObservable(.swift).(v1.0405):'locationManager(_:didUpdateLocations:)' Invoked...
2024-08-05 13:06:04.108 [Info] [com.cerebralgardens.xcglogger.defaultInstance] [main] [CoreLocationModelObservable.swift:288] xcgLoggerMsg(sMessage:) > Latitude: 32.863067626953125, Longitude: -97.19303563867025
2024-08-05 13:06:04.108 [Info] [com.cerebralgardens.xcglogger.defaultInstance] [main] [CoreLocationModelObservable.swift:288] xcgLoggerMsg(sMessage:) > CoreLocationModelObservable(.swift).(v1.0405):'locationManager(_:didUpdateLocations:)' Exiting...
2024-08-05 13:06:04.109 [Info] [com.cerebralgardens.xcglogger.defaultInstance] [main] [CoreLocationModelObservable.swift:288] xcgLoggerMsg(sMessage:) > CoreLocationModelObservable(.swift).(v1.0405):'locationManager(_:didUpdateLocations:)' Invoked...
2024-08-05 13:06:04.109 [Info] [com.cerebralgardens.xcglogger.defaultInstance] [main] [CoreLocationModelObservable.swift:288] xcgLoggerMsg(sMessage:) > Latitude: 32.863067626953125, Longitude: -97.19303563867025
2024-08-05 13:06:04.109 [Info] [com.cerebralgardens.xcglogger.defaultInstance] [main] [CoreLocationModelObservable.swift:288] xcgLoggerMsg(sMessage:) > CoreLocationModelObservable(.swift).(v1.0405):'locationManager(_:didUpdateLocations:)' Exiting...
2024-08-05 13:06:04.164 [Info] [com.cerebralgardens.xcglogger.defaultInstance] [main] [ContentView.swift:269] xcgLoggerMsg(sMessage:) > ContentView(.swift).(v1.0502)::body(some View) Copyright (C) JustMacApps 2023-2024. All Rights Reserved....
2024-08-05 13:06:04.168 [Info] [com.cerebralgardens.xcglogger.defaultInstance] [main] [CoreLocationSiteDetailsView.swift:137] xcgLoggerMsg(sMessage:) > CoreLocationSiteDetailsView(.swift).(v1.0301)::body(some View) Copyright (C) JustMacApps 2023-2024. All Rights Reserved....
2024-08-05 13:06:04.171 [Info] [com.cerebralgardens.xcglogger.defaultInstance] [main] [CoreLocationSiteDetailsView.swift:137] xcgLoggerMsg(sMessage:) > CoreLocationSiteDetailsView(.swift).(v1.0301)::body(some View) Copyright (C) JustMacApps 2023-2024. All Rights Reserved....
2024-08-05 13:06:05.337 [Info] [com.cerebralgardens.xcglogger.defaultInstance] [main] [CoreLocationSiteDetailsView.swift:137] xcgLoggerMsg(sMessage:) > CoreLocationSiteDetailsView(.swift).(v1.0301)::CoreLocationSiteDetailsView.Button(Xcode).'Dismiss' pressed...
2024-08-05 13:06:17.844 [Info] [com.cerebralgardens.xcglogger.defaultInstance] [main] [JustACoreLocAndWeather1AppDelegate.swift:436] applicationWillTerminate(_:) > JustACoreLocAndWeather1AppDelegate(.swift).(v1.0804):'applicationWillTerminate(_:)': Invoked - 'uiApplication' is [<_TtC7SwiftUIP33_ACC2C5639A7D76F611E170E831FCA49118SwiftUIApplication: 0x157e06940>] - 'sApplicationName' is [JustACoreLocAndWeather1] - 'self' is [<JustACoreLocAndWeather1.JustACoreLocAndWeather1AppDelegate: 0x30002c1a0>]...
2024-08-05 13:06:17.848 [Info] [com.cerebralgardens.xcglogger.defaultInstance] [main] [JustACoreLocAndWeather1AppDelegate.swift:438] applicationWillTerminate(_:) > JustACoreLocAndWeather1AppDelegate(.swift).(v1.0804):'applicationWillTerminate(_:)': Current 'JustACoreLocAndWeather1AppDelegate' is [{[['sClsId': [JustACoreLocAndWeather1AppDelegate],'sClsVers': [v1.0804],'sClsDisp': [JustACoreLocAndWeather1AppDelegate(.swift).(v1.0804):],'sClsCopyRight': [Copyright (C) JustMacApps 2023-2024. All Rights Reserved.],'bClsTrace': [true],'bClsFileLog': [true],],['sApplicationName': [JustACoreLocAndWeather1],],['cAppDelegateInitCalls': (1),],['bAppTitleSetupRequired': [true],'bUseApplicationShortTitle': [true],'sApplicationTitle': [-N/A-],],['sHelpBasicFileExt': [html],'sHelpBasicContents': [<html>

<head>
    <title JustMacApps></title>
    <meta http-equiv="Content-Type" content="text/html; charset=utf-8"/> 
</head>

<body bgcolor="black">

<br>
<h3><font color="white"><center><b> ...'Basic' HELP... </b></center></font></h3>
<br>

<p>This is a demo of a 'basic' HTML HELP (paragraph #1)...</p>
<br>
<p> <b>And</b> this is (paragraph #2)...</p>

</body>

</html>
],'helpBasicMode': [hypertext],'helpBasicLoader': [{[['sClsId': [HelpBasicLoader],'sClsVers': [v1.0506],'sClsDisp': [HelpBasicLoader.(v1.0506): ],'sClsCopyRight': [Copyright (C) JustMacApps 2023-2024. All Rights Reserved.],'bClsTrace': [true],],['bHelpSetupRequired': [true],'sHelpBasicLoaderTag': ['appDidFinish...()'],'sHelpBasicFileExt': [html],'sHelpBasicContents': [<html>

<head>
    <title JustMacApps></title>
    <meta http-equiv="Content-Type" content="text/html; charset=utf-8"/> 
</head>

<body bgcolor="black">

<br>
<h3><font color="white"><center><b> ...'Basic' HELP... </b></center></font></h3>
<br>

<p>This is a demo of a 'basic' HTML HELP (paragraph #1)...</p>
<br>
<p> <b>And</b> this is (paragraph #2)...</p>

</body>

</html>
],'helpBasicMode': [hypertext],],]}],],['bClsTraceInternal': [true],'bAppDelegateTraceLogInitRequired': [false],'sInitAppDelegateTraceLogTag': [JustACoreLocAndWeather1AppDelegate(.swift).(v1.0804):'init()':<>1],'bAppDelegateLogFilespecIsUsable': [true],'urlAppDelegateLogFilespec': [Optional(file:///var/mobile/Containers/Data/Application/2FFCF94E-490B-45F6-AC04-9BE1257E062B/Documents/JustACoreLocAndWeather1.log)],'urlAppDelegateLogFilepath': [Optional(file:///var/mobile/Containers/Data/Application/2FFCF94E-490B-45F6-AC04-9BE1257E062B/Documents/)],'sAppDelegateLogFilespec': [Optional("/var/mobile/Containers/Data/Application/2FFCF94E-490B-45F6-AC04-9BE1257E062B/Documents/JustACoreLocAndWeather1.log")],'sAppDelegateLogFilepath': [Optional("/var/mobile/Containers/Data/Application/2FFCF94E-490B-45F6-AC04-9BE1257E062B/Documents")],'xcgLogger': [Optional(XCGLogger: com.cerebralgardens.xcglogger.defaultInstance - destinations: 
	 ConsoleDestination: com.cerebralgardens.xcglogger.logdestination.console - Level: Verbose showLogIdentifier: true showFunctionName: true showThreadName: true showLevel: true showFileName: true showLineNumber: true showDate: true
	 FileDestination: com.cerebralgardens.xcglogger.logdestination.file - Level: Verbose showLogIdentifier: true showFunctionName: true showThreadName: true showLevel: true showFileName: true showLineNumber: true showDate: true
)],],]}]...
2024-08-05 13:06:17.848 [Info] [com.cerebralgardens.xcglogger.defaultInstance] [main] [JustACoreLocAndWeather1AppDelegate.swift:440] applicationWillTerminate(_:) > JustACoreLocAndWeather1AppDelegate(.swift).(v1.0804):'applicationWillTerminate(_:)': AppDelegate is stopping...
2024-08-05 13:06:17.849 [Info] [com.cerebralgardens.xcglogger.defaultInstance] [main] [JustACoreLocAndWeather1AppDelegate.swift:444] applicationWillTerminate(_:) > JustACoreLocAndWeather1AppDelegate(.swift).(v1.0804):'applicationWillTerminate(_:)': Method Exiting...

