2024-08-05 14:57:59.195 [Info] [com.cerebralgardens.xcglogger.defaultInstance] > JustACoreLocAndWeather1 Version: 1.01 Build: 06.18.24C218 PID: 3040
2024-08-05 14:57:59.195 [Info] [com.cerebralgardens.xcglogger.defaultInstance] > XCGLogger Version: 7.1.5 - Level: Verbose
2024-08-05 14:57:59.198 [Info] [com.cerebralgardens.xcglogger.defaultInstance] > XCGLogger writing log to: file:///var/mobile/Containers/Data/Application/58A78F62-471B-458E-A60D-1F4B6E0677ED/Documents/JustACoreLocAndWeather1.log
2024-08-05 14:57:59.198 [Info] [com.cerebralgardens.xcglogger.defaultInstance] [main] [JustACoreLocAndWeather1AppDelegate.swift:297] setupAppDelegateXCGLogger() > JustACoreLocAndWeather1AppDelegate(.swift).(v1.0805):'setupAppDelegateXCGLogger()': XCGLogger 'log' (default) instance has these destinations (2): [Optional([ConsoleDestination: com.cerebralgardens.xcglogger.logdestination.console - Level: Verbose showLogIdentifier: true showFunctionName: true showThreadName: true showLevel: true showFileName: true showLineNumber: true showDate: true, FileDestination: com.cerebralgardens.xcglogger.logdestination.file - Level: Verbose showLogIdentifier: true showFunctionName: true showThreadName: true showLevel: true showFileName: true showLineNumber: true showDate: true])]...
2024-08-05 14:57:59.199 [Info] [com.cerebralgardens.xcglogger.defaultInstance] [main] [JustACoreLocAndWeather1AppDelegate.swift:302] setupAppDelegateXCGLogger() > JustACoreLocAndWeather1AppDelegate(.swift).(v1.0805):'setupAppDelegateXCGLogger()': XCGLogger 'log' (default) instance destination #(0) TYPE is [Optional<DestinationProtocol>]...
2024-08-05 14:57:59.199 [Info] [com.cerebralgardens.xcglogger.defaultInstance] [main] [JustACoreLocAndWeather1AppDelegate.swift:303] setupAppDelegateXCGLogger() > JustACoreLocAndWeather1AppDelegate(.swift).(v1.0805):'setupAppDelegateXCGLogger()': XCGLogger 'log' (default) instance destination #(0) 'is' FileDestination [false]...
2024-08-05 14:57:59.199 [Info] [com.cerebralgardens.xcglogger.defaultInstance] [main] [JustACoreLocAndWeather1AppDelegate.swift:304] setupAppDelegateXCGLogger() > JustACoreLocAndWeather1AppDelegate(.swift).(v1.0805):'setupAppDelegateXCGLogger()': XCGLogger 'log' (default) instance destination #(0) Destination 'identifier' is [Optional("com.cerebralgardens.xcglogger.logdestination.console")]...
2024-08-05 14:57:59.199 [Info] [com.cerebralgardens.xcglogger.defaultInstance] [main] [JustACoreLocAndWeather1AppDelegate.swift:305] setupAppDelegateXCGLogger() > JustACoreLocAndWeather1AppDelegate(.swift).(v1.0805):'setupAppDelegateXCGLogger()': XCGLogger 'log' (default) instance destination #(0) is [Optional(ConsoleDestination: com.cerebralgardens.xcglogger.logdestination.console - Level: Verbose showLogIdentifier: true showFunctionName: true showThreadName: true showLevel: true showFileName: true showLineNumber: true showDate: true)]...
2024-08-05 14:57:59.199 [Info] [com.cerebralgardens.xcglogger.defaultInstance] [main] [JustACoreLocAndWeather1AppDelegate.swift:302] setupAppDelegateXCGLogger() > JustACoreLocAndWeather1AppDelegate(.swift).(v1.0805):'setupAppDelegateXCGLogger()': XCGLogger 'log' (default) instance destination #(1) TYPE is [Optional<DestinationProtocol>]...
2024-08-05 14:57:59.199 [Info] [com.cerebralgardens.xcglogger.defaultInstance] [main] [JustACoreLocAndWeather1AppDelegate.swift:303] setupAppDelegateXCGLogger() > JustACoreLocAndWeather1AppDelegate(.swift).(v1.0805):'setupAppDelegateXCGLogger()': XCGLogger 'log' (default) instance destination #(1) 'is' FileDestination [true]...
2024-08-05 14:57:59.199 [Info] [com.cerebralgardens.xcglogger.defaultInstance] [main] [JustACoreLocAndWeather1AppDelegate.swift:304] setupAppDelegateXCGLogger() > JustACoreLocAndWeather1AppDelegate(.swift).(v1.0805):'setupAppDelegateXCGLogger()': XCGLogger 'log' (default) instance destination #(1) Destination 'identifier' is [Optional("com.cerebralgardens.xcglogger.logdestination.file")]...
2024-08-05 14:57:59.199 [Info] [com.cerebralgardens.xcglogger.defaultInstance] [main] [JustACoreLocAndWeather1AppDelegate.swift:305] setupAppDelegateXCGLogger() > JustACoreLocAndWeather1AppDelegate(.swift).(v1.0805):'setupAppDelegateXCGLogger()': XCGLogger 'log' (default) instance destination #(1) is [Optional(FileDestination: com.cerebralgardens.xcglogger.logdestination.file - Level: Verbose showLogIdentifier: true showFunctionName: true showThreadName: true showLevel: true showFileName: true showLineNumber: true showDate: true)]...
2024-08-05 14:57:59.199 [Info] [com.cerebralgardens.xcglogger.defaultInstance] [main] [JustACoreLocAndWeather1AppDelegate.swift:312] setupAppDelegateXCGLogger() > JustACoreLocAndWeather1AppDelegate(.swift).(v1.0805):'setupAppDelegateXCGLogger()': XCGLogger 'log' FileDestination with 'identifier' of [com.cerebralgardens.xcglogger.logdestination.file] is writing to file [Optional(file:///var/mobile/Containers/Data/Application/58A78F62-471B-458E-A60D-1F4B6E0677ED/Documents/JustACoreLocAndWeather1.log)]...
2024-08-05 14:57:59.199 [Info] [com.cerebralgardens.xcglogger.defaultInstance] [main] [JustACoreLocAndWeather1AppDelegate.swift:206] initAppDelegateTraceLog(initappdelegatetracelogtag:) > JustACoreLocAndWeather1AppDelegate(.swift).(v1.0805):'initAppDelegateTraceLog(initappdelegatetracelogtag:)': parameter 'initappdelegatetracelogtag' is [JustACoreLocAndWeather1AppDelegate(.swift).(v1.0805):'init()':<>1]...
2024-08-05 14:57:59.199 [Info] [com.cerebralgardens.xcglogger.defaultInstance] [main] [JustACoreLocAndWeather1AppDelegate.swift:221] initAppDelegateTraceLog(initappdelegatetracelogtag:) > JustACoreLocAndWeather1AppDelegate(.swift).(v1.0805):'initAppDelegateTraceLog(initappdelegatetracelogtag:)': AppDelegate TraceLog setup was called by [JustACoreLocAndWeather1AppDelegate(.swift).(v1.0805):'init()':<>1]...
2024-08-05 14:57:59.200 [Info] [com.cerebralgardens.xcglogger.defaultInstance] [main] [JustACoreLocAndWeather1AppDelegate.swift:145] init() > JustACoreLocAndWeather1AppDelegate(.swift).(v1.0805):'init()': Method Invoked - #(1) time(s) - 'sApplicationName' is [JustACoreLocAndWeather1]...
2024-08-05 14:57:59.200 [Info] [com.cerebralgardens.xcglogger.defaultInstance] [main] [JustACoreLocAndWeather1AppDelegate.swift:146] init() > JustACoreLocAndWeather1AppDelegate(.swift).(v1.0805):'init()': AppDelegate is starting - 'self' is [<JustACoreLocAndWeather1.JustACoreLocAndWeather1AppDelegate: 0x3036f01a0>]...
2024-08-05 14:57:59.200 [Info] [com.cerebralgardens.xcglogger.defaultInstance] [main] [JustACoreLocAndWeather1AppDelegate.swift:147] init() > JustACoreLocAndWeather1AppDelegate(.swift).(v1.0805):'init()': XCGLogger 'log' instance 'self.xcgLogger' is being used (default instance)...
2024-08-05 14:57:59.200 [Info] [com.cerebralgardens.xcglogger.defaultInstance] [main] [JustACoreLocAndWeather1AppDelegate.swift:576] dumpAppInfoPlistToLog() > JustACoreLocAndWeather1AppDelegate(.swift).(v1.0805):'dumpAppInfoPlistToLog()': Invoked...
2024-08-05 14:57:59.200 [Info] [com.cerebralgardens.xcglogger.defaultInstance] [main] [JustACoreLocAndWeather1AppDelegate.swift:611] dumpAppInfoPlistToLog() > JustACoreLocAndWeather1AppDelegate(.swift).(v1.0805):'dumpAppInfoPlistToLog()': Read the dictionary 'dictInfoPlist' with (37) element(s) of [["CFBundleExecutable": JustACoreLocAndWeather1, "CFBundleName": JustACoreLocAndWeather1, "CFBundleIcons": {
    CFBundlePrimaryIcon =     {
        CFBundleIconFiles =         (
            AppIcon60x60
        );
        CFBundleIconName = AppIcon;
    };
}, "DTCompiler": com.apple.compilers.llvm.clang.1_0, "CFBundleVersion": 06.18.24C218, "DTPlatformBuild": 21F77, "CFBundleIdentifier": net.justmacapps.JustACoreLocAndWeather1, "CFBundleSupportedPlatforms": <__NSArrayM 0x3003af0c0>(
iPhoneOS
)
, "DTPlatformVersion": 17.5, "UISupportedInterfaceOrientations~iphone": <__NSArrayM 0x3003af7b0>(
UIInterfaceOrientationPortrait,
UIInterfaceOrientationLandscapeLeft,
UIInterfaceOrientationLandscapeRight
)
, "NSLocationAlwaysUsageDescription": This App uses your Location to provice City and Weather information, "NSLocationAlwaysAndWhenInUseUsageDescription": This App uses your Location to provice City and Weather information, "UISupportedInterfaceOrientations~ipad": <__NSArrayM 0x3003af6c0>(
UIInterfaceOrientationPortrait,
UIInterfaceOrientationPortraitUpsideDown,
UIInterfaceOrientationLandscapeLeft,
UIInterfaceOrientationLandscapeRight
)
, "UIApplicationSceneManifest": {
    UIApplicationSupportsMultipleScenes = 1;
    UISceneConfigurations =     {
    };
}, "NSLocationWhenInUseUsageDescription": This App uses your Location to provice City and Weather information, "DTXcodeBuild": 15F31d, "LSRequiresIPhoneOS": 1, "BuildMachineOSBuild": 23F79, "CFBundleIcons~ipad": {
    CFBundlePrimaryIcon =     {
        CFBundleIconFiles =         (
            AppIcon60x60,
            AppIcon76x76
        );
        CFBundleIconName = AppIcon;
    };
}, "UIRequiredDeviceCapabilities": <__NSArrayM 0x3003af5a0>(
arm64
)
, "CFBundleShortVersionString": 1.01, "MinimumOSVersion": 17.5, "UILaunchScreen": {
    UILaunchScreen =     {
    };
}, "NSLocationUsageDescription": This App uses your Location to provice City and Weather information, "UIDeviceFamily": <__NSArrayM 0x3003af4e0>(
1,
2
)
, "DTSDKBuild": 21F77, "UIApplicationSupportsIndirectInputEvents": 1, "DTPlatformName": iphoneos, "DTXcode": 1540, "CFBundlePackageType": APPL, "DTSDKName": iphoneos17.5, "NSHumanReadableCopyright": Copyright © JustMacApps 2023-2024. All rights reserved., "LSApplicationCategoryType": public.app-category.weather, "CFBundleDevelopmentRegion": en, "CFBundleDisplayName": JustACoreLocAndWeather1, "NSLocationDefaultAccuracyReduced": 0, "CFBundleInfoDictionaryVersion": 6.0]] from file [Optional(file:///private/var/containers/Bundle/Application/99E65B61-5327-48B2-9342-8067D3EFE86B/JustACoreLocAndWeather1.app/Info.plist)]...
2024-08-05 14:57:59.200 [Info] [com.cerebralgardens.xcglogger.defaultInstance] [main] [JustACoreLocAndWeather1AppDelegate.swift:615] dumpAppInfoPlistToLog() > JustACoreLocAndWeather1AppDelegate(.swift).(v1.0805):'dumpAppInfoPlistToLog()': Exiting...
2024-08-05 14:57:59.200 [Info] [com.cerebralgardens.xcglogger.defaultInstance] [main] [HelpBasicLoader.swift:177] xcgLoggerMsg(sMessage:) > HelpBasicLoader.(v1.0506):  'loadHelpBasicContents(helpbasicfileext:helpbasicloadertag:)' - Invoked...
2024-08-05 14:57:59.200 [Info] [com.cerebralgardens.xcglogger.defaultInstance] [main] [HelpBasicLoader.swift:177] xcgLoggerMsg(sMessage:) > HelpBasicLoader.(v1.0506):  'loadHelpBasicContents(helpbasicfileext:helpbasicloadertag:)' - Loading the HELP 'Basic' contents from file extension of [md] via ['appDidFinish...()']...
2024-08-05 14:57:59.201 [Info] [com.cerebralgardens.xcglogger.defaultInstance] [main] [HelpBasicLoader.swift:177] xcgLoggerMsg(sMessage:) > HelpBasicLoader.(v1.0506):  'loadHelpBasicContents(helpbasicfileext:helpbasicloadertag:)' - HELP 'basic' contents 'self.sHelpBasicContents' via ['appDidFinish...()'] are [This is regular text.  
  
\* This is **bold** text, this is *italic* text, and this is ***bold, italic*** text.  
~~A strikethrough example~~  
`Monospaced works too`  
Visit Apple: [click here](https://apple.com)  
]...
2024-08-05 14:57:59.259 [Info] [com.cerebralgardens.xcglogger.defaultInstance] [main] [HelpBasicLoader.swift:177] xcgLoggerMsg(sMessage:) > 
2024-08-05 14:57:59.259 [Info] [com.cerebralgardens.xcglogger.defaultInstance] [main] [HelpBasicLoader.swift:177] xcgLoggerMsg(sMessage:) > HelpBasicLoader.(v1.0506):  'loadHelpBasicContents(helpbasicfileext:helpbasicloadertag:)' - Exiting...
2024-08-05 14:57:59.260 [Info] [com.cerebralgardens.xcglogger.defaultInstance] [main] [JustACoreLocAndWeather1AppDelegate.swift:627] getAppVersionAndBuildNumber() > JustACoreLocAndWeather1AppDelegate(.swift).(v1.0805):'getAppVersionAndBuildNumber()': Invoked...
2024-08-05 14:57:59.260 [Info] [com.cerebralgardens.xcglogger.defaultInstance] [main] [JustACoreLocAndWeather1AppDelegate.swift:635] getAppVersionAndBuildNumber() > JustACoreLocAndWeather1AppDelegate(.swift).(v1.0805):'getAppVersionAndBuildNumber()': Exiting - '' is [Version v1.01 (06.18.24C218)]...
2024-08-05 14:57:59.260 [Info] [com.cerebralgardens.xcglogger.defaultInstance] [main] [JustACoreLocAndWeather1AppDelegate.swift:188] init() > JustACoreLocAndWeather1AppDelegate(.swift).(v1.0805):'init()': Method Exiting - #(1) time(s) - 'sApplicationName' is [JustACoreLocAndWeather1] - 'sAppVersionAndBuildNumber' is [Version v1.01 (06.18.24C218)]...
2024-08-05 14:57:59.260 [Info] [com.cerebralgardens.xcglogger.defaultInstance] [main] [CoreLocationModelObservable.swift:288] xcgLoggerMsg(sMessage:) > CoreLocationModelObservable(.swift).(v1.0405):'init()' Invoked...
2024-08-05 14:57:59.261 [Info] [com.cerebralgardens.xcglogger.defaultInstance] [main] [CoreLocationModelObservable.swift:288] xcgLoggerMsg(sMessage:) > CoreLocationModelObservable(.swift).(v1.0405):'requestLocationUpdate()' Invoked...
2024-08-05 14:57:59.261 [Info] [com.cerebralgardens.xcglogger.defaultInstance] [main] [CoreLocationModelObservable.swift:288] xcgLoggerMsg(sMessage:) > CoreLocationModelObservable(.swift).(v1.0405):'requestLocationUpdate()' Exiting...
2024-08-05 14:57:59.261 [Info] [com.cerebralgardens.xcglogger.defaultInstance] [main] [CoreLocationModelObservable.swift:288] xcgLoggerMsg(sMessage:) > CoreLocationModelObservable(.swift).(v1.0405):'init()' Exiting...
2024-08-05 14:57:59.425 [Info] [com.cerebralgardens.xcglogger.defaultInstance] [main] [CoreLocationModelObservable.swift:288] xcgLoggerMsg(sMessage:) > CoreLocationModelObservable(.swift).(v1.0405):'locationManagerDidChangeAuthorization(_:)' Invoked...
2024-08-05 14:57:59.426 [Info] [com.cerebralgardens.xcglogger.defaultInstance] [main] [CoreLocationModelObservable.swift:288] xcgLoggerMsg(sMessage:) > The User has changed the selection to 'Always Allow'...
2024-08-05 14:57:59.426 [Info] [com.cerebralgardens.xcglogger.defaultInstance] [main] [CoreLocationModelObservable.swift:288] xcgLoggerMsg(sMessage:) > CoreLocationModelObservable(.swift).(v1.0405):'locationManagerDidChangeAuthorization(_:)' Exiting...
2024-08-05 14:57:59.436 [Info] [com.cerebralgardens.xcglogger.defaultInstance] [main] [JustACoreLocAndWeather1App.swift:65] xcgLogger(sMessage:) > JustACoreLocAndWeather1App(.swift).(v1.0301)::body(some Scene) Copyright (C) JustMacApps 2023-2024. All Rights Reserved....
2024-08-05 14:57:59.436 [Info] [com.cerebralgardens.xcglogger.defaultInstance] [main] [JustACoreLocAndWeather1App.swift:65] xcgLogger(sMessage:) > JustACoreLocAndWeather1App(.swift).(v1.0301)::body(some Scene) - 'sAppBundlePath' is [/private/var/containers/Bundle/Application/99E65B61-5327-48B2-9342-8067D3EFE86B/JustACoreLocAndWeather1.app]...
2024-08-05 14:57:59.468 [Info] [com.cerebralgardens.xcglogger.defaultInstance] [main] [ContentView.swift:239] xcgLoggerMsg(sMessage:) > ContentView(.swift).(v1.0502)::body(some View) Copyright (C) JustMacApps 2023-2024. All Rights Reserved....
2024-08-05 14:57:59.590 [Info] [com.cerebralgardens.xcglogger.defaultInstance] [main] [CoreLocationModelObservable.swift:288] xcgLoggerMsg(sMessage:) > CoreLocationModelObservable(.swift).(v1.0405):'requestLocationUpdate()' Invoked...
2024-08-05 14:57:59.591 [Info] [com.cerebralgardens.xcglogger.defaultInstance] [main] [CoreLocationModelObservable.swift:288] xcgLoggerMsg(sMessage:) > CoreLocationModelObservable(.swift).(v1.0405):'requestLocationUpdate()' Exiting...
2024-08-05 14:57:59.592 [Info] [com.cerebralgardens.xcglogger.defaultInstance] [main] [CoreLocationModelObservable.swift:288] xcgLoggerMsg(sMessage:) > CoreLocationModelObservable(.swift).(v1.0405):'updateGeocoderLocation(latitude:longitude:)' Invoked...
2024-08-05 14:57:59.592 [Info] [com.cerebralgardens.xcglogger.defaultInstance] [main] [CoreLocationModelObservable.swift:288] xcgLoggerMsg(sMessage:) > CoreLocationModelObservable(.swift).(v1.0405):'updateGeocoderLocation(latitude:longitude:)' Exiting...
2024-08-05 14:57:59.901 [Info] [com.cerebralgardens.xcglogger.defaultInstance] [main] [ContentView.swift:239] xcgLoggerMsg(sMessage:) > ContentView(.swift).(v1.0502)::body(some View) Copyright (C) JustMacApps 2023-2024. All Rights Reserved....
2024-08-05 14:58:05.333 [Info] [com.cerebralgardens.xcglogger.defaultInstance] [main] [CoreLocationModelObservable.swift:288] xcgLoggerMsg(sMessage:) > CoreLocationModelObservable(.swift).(v1.0405):'requestLocationUpdate()' Invoked...
2024-08-05 14:58:05.333 [Info] [com.cerebralgardens.xcglogger.defaultInstance] [main] [CoreLocationModelObservable.swift:288] xcgLoggerMsg(sMessage:) > CoreLocationModelObservable(.swift).(v1.0405):'requestLocationUpdate()' Exiting...
2024-08-05 14:58:05.335 [Info] [com.cerebralgardens.xcglogger.defaultInstance] [main] [CoreLocationModelObservable.swift:288] xcgLoggerMsg(sMessage:) > CoreLocationModelObservable(.swift).(v1.0405):'updateGeocoderLocation(latitude:longitude:)' Invoked...
2024-08-05 14:58:05.336 [Info] [com.cerebralgardens.xcglogger.defaultInstance] [main] [CoreLocationModelObservable.swift:288] xcgLoggerMsg(sMessage:) > CoreLocationModelObservable(.swift).(v1.0405):'updateGeocoderLocation(latitude:longitude:)' Exiting...
2024-08-05 14:58:05.336 [Info] [com.cerebralgardens.xcglogger.defaultInstance] [main] [ContentView.swift:239] xcgLoggerMsg(sMessage:) > ContentView(.swift).(v1.0502):ContentView in Button(Xcode).'Refresh'.#(1)...
2024-08-05 14:58:05.337 [Info] [com.cerebralgardens.xcglogger.defaultInstance] [main] [ContentView.swift:239] xcgLoggerMsg(sMessage:) > ContentView(.swift).(v1.0502)::body(some View) Copyright (C) JustMacApps 2023-2024. All Rights Reserved....
2024-08-05 14:58:05.417 [Info] [com.cerebralgardens.xcglogger.defaultInstance] [main] [ContentView.swift:239] xcgLoggerMsg(sMessage:) > ContentView(.swift).(v1.0502)::body(some View) Copyright (C) JustMacApps 2023-2024. All Rights Reserved....
2024-08-05 14:58:06.383 [Info] [com.cerebralgardens.xcglogger.defaultInstance] [main] [CoreLocationModelObservable.swift:288] xcgLoggerMsg(sMessage:) > CoreLocationModelObservable(.swift).(v1.0405):'requestLocationUpdate()' Invoked...
2024-08-05 14:58:06.383 [Info] [com.cerebralgardens.xcglogger.defaultInstance] [main] [CoreLocationModelObservable.swift:288] xcgLoggerMsg(sMessage:) > CoreLocationModelObservable(.swift).(v1.0405):'requestLocationUpdate()' Exiting...
2024-08-05 14:58:06.387 [Info] [com.cerebralgardens.xcglogger.defaultInstance] [main] [CoreLocationModelObservable.swift:288] xcgLoggerMsg(sMessage:) > CoreLocationModelObservable(.swift).(v1.0405):'updateGeocoderLocation(latitude:longitude:)' Invoked...
2024-08-05 14:58:06.388 [Info] [com.cerebralgardens.xcglogger.defaultInstance] [main] [CoreLocationModelObservable.swift:288] xcgLoggerMsg(sMessage:) > CoreLocationModelObservable(.swift).(v1.0405):'updateGeocoderLocation(latitude:longitude:)' Exiting...
2024-08-05 14:58:06.388 [Info] [com.cerebralgardens.xcglogger.defaultInstance] [main] [ContentView.swift:239] xcgLoggerMsg(sMessage:) > ContentView(.swift).(v1.0502):ContentView in Button(Xcode).'Refresh'.#(2)...
2024-08-05 14:58:06.389 [Info] [com.cerebralgardens.xcglogger.defaultInstance] [main] [ContentView.swift:239] xcgLoggerMsg(sMessage:) > ContentView(.swift).(v1.0502)::body(some View) Copyright (C) JustMacApps 2023-2024. All Rights Reserved....
2024-08-05 14:58:06.464 [Info] [com.cerebralgardens.xcglogger.defaultInstance] [main] [ContentView.swift:239] xcgLoggerMsg(sMessage:) > ContentView(.swift).(v1.0502)::body(some View) Copyright (C) JustMacApps 2023-2024. All Rights Reserved....
2024-08-05 14:58:07.341 [Info] [com.cerebralgardens.xcglogger.defaultInstance] [main] [CoreLocationModelObservable.swift:288] xcgLoggerMsg(sMessage:) > CoreLocationModelObservable(.swift).(v1.0405):'requestLocationUpdate()' Invoked...
2024-08-05 14:58:07.342 [Info] [com.cerebralgardens.xcglogger.defaultInstance] [main] [CoreLocationModelObservable.swift:288] xcgLoggerMsg(sMessage:) > CoreLocationModelObservable(.swift).(v1.0405):'requestLocationUpdate()' Exiting...
2024-08-05 14:58:07.346 [Info] [com.cerebralgardens.xcglogger.defaultInstance] [main] [CoreLocationModelObservable.swift:288] xcgLoggerMsg(sMessage:) > CoreLocationModelObservable(.swift).(v1.0405):'updateGeocoderLocation(latitude:longitude:)' Invoked...
2024-08-05 14:58:07.346 [Info] [com.cerebralgardens.xcglogger.defaultInstance] [main] [CoreLocationModelObservable.swift:288] xcgLoggerMsg(sMessage:) > CoreLocationModelObservable(.swift).(v1.0405):'updateGeocoderLocation(latitude:longitude:)' Exiting...
2024-08-05 14:58:07.347 [Info] [com.cerebralgardens.xcglogger.defaultInstance] [main] [ContentView.swift:239] xcgLoggerMsg(sMessage:) > ContentView(.swift).(v1.0502):ContentView in Button(Xcode).'Refresh'.#(3)...
2024-08-05 14:58:07.348 [Info] [com.cerebralgardens.xcglogger.defaultInstance] [main] [ContentView.swift:239] xcgLoggerMsg(sMessage:) > ContentView(.swift).(v1.0502)::body(some View) Copyright (C) JustMacApps 2023-2024. All Rights Reserved....
2024-08-05 14:58:07.429 [Info] [com.cerebralgardens.xcglogger.defaultInstance] [main] [ContentView.swift:239] xcgLoggerMsg(sMessage:) > ContentView(.swift).(v1.0502)::body(some View) Copyright (C) JustMacApps 2023-2024. All Rights Reserved....
2024-08-05 14:58:09.263 [Info] [com.cerebralgardens.xcglogger.defaultInstance] [main] [CoreLocationModelObservable.swift:288] xcgLoggerMsg(sMessage:) > CoreLocationModelObservable(.swift).(v1.0405):'locationManager(_:didUpdateLocations:)' Invoked...
2024-08-05 14:58:09.264 [Info] [com.cerebralgardens.xcglogger.defaultInstance] [main] [CoreLocationModelObservable.swift:288] xcgLoggerMsg(sMessage:) > Latitude: 32.845062255859375, Longitude: -97.1253930865891
2024-08-05 14:58:09.264 [Info] [com.cerebralgardens.xcglogger.defaultInstance] [main] [CoreLocationModelObservable.swift:288] xcgLoggerMsg(sMessage:) > CoreLocationModelObservable(.swift).(v1.0405):'locationManager(_:didUpdateLocations:)' Exiting...
2024-08-05 14:58:11.010 [Info] [com.cerebralgardens.xcglogger.defaultInstance] [main] [ContentView.swift:239] xcgLoggerMsg(sMessage:) > ContentView(.swift).(v1.0502):ContentView in Button(Xcode).'Site Detail(s)'.#(1)...
2024-08-05 14:58:11.024 [Info] [com.cerebralgardens.xcglogger.defaultInstance] [main] [CoreLocationSiteDetailsView.swift:137] xcgLoggerMsg(sMessage:) > CoreLocationSiteDetailsView(.swift).(v1.0302)::body(some View) Copyright (C) JustMacApps 2023-2024. All Rights Reserved....
2024-08-05 14:58:19.237 [Info] [com.cerebralgardens.xcglogger.defaultInstance] [main] [CoreLocationModelObservable.swift:288] xcgLoggerMsg(sMessage:) > CoreLocationModelObservable(.swift).(v1.0405):'requestLocationUpdate()' Invoked...
2024-08-05 14:58:19.239 [Info] [com.cerebralgardens.xcglogger.defaultInstance] [main] [CoreLocationModelObservable.swift:288] xcgLoggerMsg(sMessage:) > CoreLocationModelObservable(.swift).(v1.0405):'requestLocationUpdate()' Exiting...
2024-08-05 14:58:19.243 [Info] [com.cerebralgardens.xcglogger.defaultInstance] [main] [CoreLocationModelObservable.swift:288] xcgLoggerMsg(sMessage:) > CoreLocationModelObservable(.swift).(v1.0405):'updateGeocoderLocation(latitude:longitude:)' Invoked...
2024-08-05 14:58:19.244 [Info] [com.cerebralgardens.xcglogger.defaultInstance] [main] [CoreLocationModelObservable.swift:288] xcgLoggerMsg(sMessage:) > CoreLocationModelObservable(.swift).(v1.0405):'updateGeocoderLocation(latitude:longitude:)' Exiting...
2024-08-05 14:58:19.244 [Info] [com.cerebralgardens.xcglogger.defaultInstance] [main] [CoreLocationSiteDetailsView.swift:137] xcgLoggerMsg(sMessage:) > CoreLocationSiteDetailsView(.swift).(v1.0302):CoreLocationSiteDetailsView.Button(Xcode).'Refresh'.#(1)...
2024-08-05 14:58:19.245 [Info] [com.cerebralgardens.xcglogger.defaultInstance] [main] [CoreLocationSiteDetailsView.swift:137] xcgLoggerMsg(sMessage:) > CoreLocationSiteDetailsView(.swift).(v1.0302)::body(some View) Copyright (C) JustMacApps 2023-2024. All Rights Reserved....
2024-08-05 14:58:19.317 [Info] [com.cerebralgardens.xcglogger.defaultInstance] [main] [CoreLocationSiteDetailsView.swift:137] xcgLoggerMsg(sMessage:) > CoreLocationSiteDetailsView(.swift).(v1.0302)::body(some View) Copyright (C) JustMacApps 2023-2024. All Rights Reserved....
2024-08-05 14:58:19.319 [Info] [com.cerebralgardens.xcglogger.defaultInstance] [main] [ContentView.swift:239] xcgLoggerMsg(sMessage:) > ContentView(.swift).(v1.0502)::body(some View) Copyright (C) JustMacApps 2023-2024. All Rights Reserved....
2024-08-05 14:58:19.324 [Info] [com.cerebralgardens.xcglogger.defaultInstance] [main] [CoreLocationSiteDetailsView.swift:137] xcgLoggerMsg(sMessage:) > CoreLocationSiteDetailsView(.swift).(v1.0302)::body(some View) Copyright (C) JustMacApps 2023-2024. All Rights Reserved....
2024-08-05 14:58:19.888 [Info] [com.cerebralgardens.xcglogger.defaultInstance] [main] [CoreLocationModelObservable.swift:288] xcgLoggerMsg(sMessage:) > CoreLocationModelObservable(.swift).(v1.0405):'requestLocationUpdate()' Invoked...
2024-08-05 14:58:19.889 [Info] [com.cerebralgardens.xcglogger.defaultInstance] [main] [CoreLocationModelObservable.swift:288] xcgLoggerMsg(sMessage:) > CoreLocationModelObservable(.swift).(v1.0405):'requestLocationUpdate()' Exiting...
2024-08-05 14:58:19.893 [Info] [com.cerebralgardens.xcglogger.defaultInstance] [main] [CoreLocationModelObservable.swift:288] xcgLoggerMsg(sMessage:) > CoreLocationModelObservable(.swift).(v1.0405):'updateGeocoderLocation(latitude:longitude:)' Invoked...
2024-08-05 14:58:19.893 [Info] [com.cerebralgardens.xcglogger.defaultInstance] [main] [CoreLocationModelObservable.swift:288] xcgLoggerMsg(sMessage:) > CoreLocationModelObservable(.swift).(v1.0405):'updateGeocoderLocation(latitude:longitude:)' Exiting...
2024-08-05 14:58:19.894 [Info] [com.cerebralgardens.xcglogger.defaultInstance] [main] [CoreLocationSiteDetailsView.swift:137] xcgLoggerMsg(sMessage:) > CoreLocationSiteDetailsView(.swift).(v1.0302):CoreLocationSiteDetailsView.Button(Xcode).'Refresh'.#(2)...
2024-08-05 14:58:19.895 [Info] [com.cerebralgardens.xcglogger.defaultInstance] [main] [CoreLocationSiteDetailsView.swift:137] xcgLoggerMsg(sMessage:) > CoreLocationSiteDetailsView(.swift).(v1.0302)::body(some View) Copyright (C) JustMacApps 2023-2024. All Rights Reserved....
2024-08-05 14:58:19.962 [Info] [com.cerebralgardens.xcglogger.defaultInstance] [main] [CoreLocationSiteDetailsView.swift:137] xcgLoggerMsg(sMessage:) > CoreLocationSiteDetailsView(.swift).(v1.0302)::body(some View) Copyright (C) JustMacApps 2023-2024. All Rights Reserved....
2024-08-05 14:58:19.963 [Info] [com.cerebralgardens.xcglogger.defaultInstance] [main] [ContentView.swift:239] xcgLoggerMsg(sMessage:) > ContentView(.swift).(v1.0502)::body(some View) Copyright (C) JustMacApps 2023-2024. All Rights Reserved....
2024-08-05 14:58:19.970 [Info] [com.cerebralgardens.xcglogger.defaultInstance] [main] [CoreLocationSiteDetailsView.swift:137] xcgLoggerMsg(sMessage:) > CoreLocationSiteDetailsView(.swift).(v1.0302)::body(some View) Copyright (C) JustMacApps 2023-2024. All Rights Reserved....
2024-08-05 14:58:20.588 [Info] [com.cerebralgardens.xcglogger.defaultInstance] [main] [CoreLocationModelObservable.swift:288] xcgLoggerMsg(sMessage:) > CoreLocationModelObservable(.swift).(v1.0405):'requestLocationUpdate()' Invoked...
2024-08-05 14:58:20.589 [Info] [com.cerebralgardens.xcglogger.defaultInstance] [main] [CoreLocationModelObservable.swift:288] xcgLoggerMsg(sMessage:) > CoreLocationModelObservable(.swift).(v1.0405):'requestLocationUpdate()' Exiting...
2024-08-05 14:58:20.593 [Info] [com.cerebralgardens.xcglogger.defaultInstance] [main] [CoreLocationModelObservable.swift:288] xcgLoggerMsg(sMessage:) > CoreLocationModelObservable(.swift).(v1.0405):'updateGeocoderLocation(latitude:longitude:)' Invoked...
2024-08-05 14:58:20.593 [Info] [com.cerebralgardens.xcglogger.defaultInstance] [main] [CoreLocationModelObservable.swift:288] xcgLoggerMsg(sMessage:) > CoreLocationModelObservable(.swift).(v1.0405):'updateGeocoderLocation(latitude:longitude:)' Exiting...
2024-08-05 14:58:20.594 [Info] [com.cerebralgardens.xcglogger.defaultInstance] [main] [CoreLocationSiteDetailsView.swift:137] xcgLoggerMsg(sMessage:) > CoreLocationSiteDetailsView(.swift).(v1.0302):CoreLocationSiteDetailsView.Button(Xcode).'Refresh'.#(3)...
2024-08-05 14:58:20.595 [Info] [com.cerebralgardens.xcglogger.defaultInstance] [main] [CoreLocationSiteDetailsView.swift:137] xcgLoggerMsg(sMessage:) > CoreLocationSiteDetailsView(.swift).(v1.0302)::body(some View) Copyright (C) JustMacApps 2023-2024. All Rights Reserved....
2024-08-05 14:58:20.658 [Info] [com.cerebralgardens.xcglogger.defaultInstance] [main] [CoreLocationSiteDetailsView.swift:137] xcgLoggerMsg(sMessage:) > CoreLocationSiteDetailsView(.swift).(v1.0302)::body(some View) Copyright (C) JustMacApps 2023-2024. All Rights Reserved....
2024-08-05 14:58:20.661 [Info] [com.cerebralgardens.xcglogger.defaultInstance] [main] [ContentView.swift:239] xcgLoggerMsg(sMessage:) > ContentView(.swift).(v1.0502)::body(some View) Copyright (C) JustMacApps 2023-2024. All Rights Reserved....
2024-08-05 14:58:20.668 [Info] [com.cerebralgardens.xcglogger.defaultInstance] [main] [CoreLocationSiteDetailsView.swift:137] xcgLoggerMsg(sMessage:) > CoreLocationSiteDetailsView(.swift).(v1.0302)::body(some View) Copyright (C) JustMacApps 2023-2024. All Rights Reserved....
2024-08-05 14:58:22.272 [Info] [com.cerebralgardens.xcglogger.defaultInstance] [main] [CoreLocationSiteDetailsView.swift:137] xcgLoggerMsg(sMessage:) > CoreLocationSiteDetailsView(.swift).(v1.0302)::CoreLocationSiteDetailsView.Button(Xcode).'Dismiss' pressed...
2024-08-05 14:58:23.873 [Info] [com.cerebralgardens.xcglogger.defaultInstance] [main] [ContentView.swift:239] xcgLoggerMsg(sMessage:) > ContentView(.swift).(v1.0502):ContentView in Button(Xcode).'Settings'.#(1)...
2024-08-05 14:58:29.240 [Info] [com.cerebralgardens.xcglogger.defaultInstance] [main] [CoreLocationModelObservable.swift:288] xcgLoggerMsg(sMessage:) > CoreLocationModelObservable(.swift).(v1.0405):'locationManager(_:didUpdateLocations:)' Invoked...
2024-08-05 14:58:29.241 [Info] [com.cerebralgardens.xcglogger.defaultInstance] [main] [CoreLocationModelObservable.swift:288] xcgLoggerMsg(sMessage:) > Latitude: 32.84509108961961, Longitude: -97.1253930865891
2024-08-05 14:58:29.241 [Info] [com.cerebralgardens.xcglogger.defaultInstance] [main] [CoreLocationModelObservable.swift:288] xcgLoggerMsg(sMessage:) > CoreLocationModelObservable(.swift).(v1.0405):'locationManager(_:didUpdateLocations:)' Exiting...
2024-08-05 14:58:29.425 [Info] [com.cerebralgardens.xcglogger.defaultInstance] [main] [SettingsSingleView.swift:368] xcgLoggerMsg(sMessage:) > SettingsSingleView.(v1.0806): :SettingsSingleView in Button(Xcode).'App About'.#(1)...
2024-08-05 14:58:29.434 [Info] [com.cerebralgardens.xcglogger.defaultInstance] [main] [JustACoreLocAndWeather1AppDelegate.swift:627] getAppVersionAndBuildNumber() > JustACoreLocAndWeather1AppDelegate(.swift).(v1.0805):'getAppVersionAndBuildNumber()': Invoked...
2024-08-05 14:58:29.434 [Info] [com.cerebralgardens.xcglogger.defaultInstance] [main] [JustACoreLocAndWeather1AppDelegate.swift:635] getAppVersionAndBuildNumber() > JustACoreLocAndWeather1AppDelegate(.swift).(v1.0805):'getAppVersionAndBuildNumber()': Exiting - '' is [Version v1.01 (06.18.24C218)]...
2024-08-05 14:58:36.169 [Info] [com.cerebralgardens.xcglogger.defaultInstance] [main] [AppAboutView.swift:194] xcgLoggerMsg(sMessage:) > AppAboutView.(v1.0108): :AppAboutView.Button(Xcode).'Dismiss' pressed...
2024-08-05 14:58:37.812 [Info] [com.cerebralgardens.xcglogger.defaultInstance] [main] [SettingsSingleView.swift:368] xcgLoggerMsg(sMessage:) > SettingsSingleView.(v1.0806): :SettingsSingleView in Button(Xcode).'App Help'.#(1)...
2024-08-05 14:58:37.814 [Info] [com.cerebralgardens.xcglogger.defaultInstance] [main] [HelpBasicLoader.swift:177] xcgLoggerMsg(sMessage:) > HelpBasicLoader.(v1.0506):  'loadHelpBasicContents(helpbasicfileext:helpbasicloadertag:)' - Invoked...
2024-08-05 14:58:37.814 [Info] [com.cerebralgardens.xcglogger.defaultInstance] [main] [HelpBasicLoader.swift:177] xcgLoggerMsg(sMessage:) > HelpBasicLoader.(v1.0506):  'loadHelpBasicContents(helpbasicfileext:helpbasicloadertag:)' - Loading the HELP 'Basic' contents from file extension of [md] via ['get...()']...
2024-08-05 14:58:37.815 [Info] [com.cerebralgardens.xcglogger.defaultInstance] [main] [HelpBasicLoader.swift:177] xcgLoggerMsg(sMessage:) > HelpBasicLoader.(v1.0506):  'loadHelpBasicContents(helpbasicfileext:helpbasicloadertag:)' - HELP 'basic' contents 'self.sHelpBasicContents' via ['get...()'] are [This is regular text.  
  
\* This is **bold** text, this is *italic* text, and this is ***bold, italic*** text.  
~~A strikethrough example~~  
`Monospaced works too`  
Visit Apple: [click here](https://apple.com)  
]...
2024-08-05 14:58:37.815 [Info] [com.cerebralgardens.xcglogger.defaultInstance] [main] [HelpBasicLoader.swift:177] xcgLoggerMsg(sMessage:) > 
2024-08-05 14:58:37.816 [Info] [com.cerebralgardens.xcglogger.defaultInstance] [main] [HelpBasicLoader.swift:177] xcgLoggerMsg(sMessage:) > HelpBasicLoader.(v1.0506):  'loadHelpBasicContents(helpbasicfileext:helpbasicloadertag:)' - Exiting...
2024-08-05 14:58:39.671 [Info] [com.cerebralgardens.xcglogger.defaultInstance] [main] [HelpBasicView.swift:165] xcgLoggerMsg(sMessage:) > HelpBasicView.(v1.0505): :HelpBasicView.Button(Xcode).'Dismiss' pressed...
2024-08-05 14:58:42.397 [Info] [com.cerebralgardens.xcglogger.defaultInstance] [main] [SettingsSingleView.swift:368] xcgLoggerMsg(sMessage:) > SettingsSingleView.(v1.0806): :SettingsSingleView in Button(Xcode).'App Log View'.#(1)...
2024-08-05 14:58:46.684 [Info] [com.cerebralgardens.xcglogger.defaultInstance] [main] [LogFileView.swift:159] xcgLoggerMsg(sMessage:) > LogFileView.(v1.0602): :LogFileView.Button('Preview Log file') performed for the URL of [Optional(file:///var/mobile/Containers/Data/Application/58A78F62-471B-458E-A60D-1F4B6E0677ED/Documents/JustACoreLocAndWeather1.log)]...
