
JustACoreLocAndWeather1AppDelegate(.swift).(v1.0701):'init()': - Invoked - #(1) time(s) - 'self' is [<JustACoreLocAndWeather1.JustACoreLocAndWeather1AppDelegate: 0x3026781a0>]...
'[JustACoreLocAndWeather1AppDelegate(.swift).(v1.0701):]' - ...'self.sAppDelegateLogFilespec' (computed) is [Optional("/var/mobile/Containers/Data/Application/95218242-E306-4EFD-AB92-93A18785E72F/Documents/JustACoreLocAndWeather1.log")]...
'[JustACoreLocAndWeather1AppDelegate(.swift).(v1.0701):]' - ...'self.sAppDelegateLogFilepath' (resolved #2) is [Optional("/var/mobile/Containers/Data/Application/95218242-E306-4EFD-AB92-93A18785E72F/Documents")]...
2024-08-05 11:04:16.036 [Info] [com.cerebralgardens.xcglogger.defaultInstance] > XCGLogger writing log to: file:///var/mobile/Containers/Data/Application/95218242-E306-4EFD-AB92-93A18785E72F/Documents/JustACoreLocAndWeather1.log
2024-08-05 11:04:16.036 [Info] [com.cerebralgardens.xcglogger.defaultInstance] > JustACoreLocAndWeather1 Version: 1.01 Build: 06.05.24C218 PID: 2903
2024-08-05 11:04:16.036 [Info] [com.cerebralgardens.xcglogger.defaultInstance] > XCGLogger Version: 7.1.5 - Level: Verbose
2024-08-05 11:04:16.037 [Info] [com.cerebralgardens.xcglogger.defaultInstance] [main] [JustACoreLocAndWeather1AppDelegate.swift:263] setupAppDelegateXCGLogger() > JustACoreLocAndWeather1AppDelegate(.swift).(v1.0701):'setupAppDelegateXCGLogger()': XCGLogger 'log' (default) instance has these destinations (2): [Optional([ConsoleDestination: com.cerebralgardens.xcglogger.logdestination.console - Level: Verbose showLogIdentifier: true showFunctionName: true showThreadName: true showLevel: true showFileName: true showLineNumber: true showDate: true, FileDestination: com.cerebralgardens.xcglogger.logdestination.file - Level: Verbose showLogIdentifier: true showFunctionName: true showThreadName: true showLevel: true showFileName: true showLineNumber: true showDate: true])]...
2024-08-05 11:04:16.037 [Info] [com.cerebralgardens.xcglogger.defaultInstance] [main] [JustACoreLocAndWeather1AppDelegate.swift:268] setupAppDelegateXCGLogger() > JustACoreLocAndWeather1AppDelegate(.swift).(v1.0701):'setupAppDelegateXCGLogger()': XCGLogger 'log' (default) instance destination #(0) TYPE is [Optional<DestinationProtocol>]...
2024-08-05 11:04:16.037 [Info] [com.cerebralgardens.xcglogger.defaultInstance] [main] [JustACoreLocAndWeather1AppDelegate.swift:269] setupAppDelegateXCGLogger() > JustACoreLocAndWeather1AppDelegate(.swift).(v1.0701):'setupAppDelegateXCGLogger()': XCGLogger 'log' (default) instance destination #(0) 'is' FileDestination [false]...
2024-08-05 11:04:16.037 [Info] [com.cerebralgardens.xcglogger.defaultInstance] [main] [JustACoreLocAndWeather1AppDelegate.swift:270] setupAppDelegateXCGLogger() > JustACoreLocAndWeather1AppDelegate(.swift).(v1.0701):'setupAppDelegateXCGLogger()': XCGLogger 'log' (default) instance destination #(0) Destination 'identifier' is [Optional("com.cerebralgardens.xcglogger.logdestination.console")]...
2024-08-05 11:04:16.037 [Info] [com.cerebralgardens.xcglogger.defaultInstance] [main] [JustACoreLocAndWeather1AppDelegate.swift:271] setupAppDelegateXCGLogger() > JustACoreLocAndWeather1AppDelegate(.swift).(v1.0701):'setupAppDelegateXCGLogger()': XCGLogger 'log' (default) instance destination #(0) is [Optional(ConsoleDestination: com.cerebralgardens.xcglogger.logdestination.console - Level: Verbose showLogIdentifier: true showFunctionName: true showThreadName: true showLevel: true showFileName: true showLineNumber: true showDate: true)]...
2024-08-05 11:04:16.037 [Info] [com.cerebralgardens.xcglogger.defaultInstance] [main] [JustACoreLocAndWeather1AppDelegate.swift:268] setupAppDelegateXCGLogger() > JustACoreLocAndWeather1AppDelegate(.swift).(v1.0701):'setupAppDelegateXCGLogger()': XCGLogger 'log' (default) instance destination #(1) TYPE is [Optional<DestinationProtocol>]...
2024-08-05 11:04:16.037 [Info] [com.cerebralgardens.xcglogger.defaultInstance] [main] [JustACoreLocAndWeather1AppDelegate.swift:269] setupAppDelegateXCGLogger() > JustACoreLocAndWeather1AppDelegate(.swift).(v1.0701):'setupAppDelegateXCGLogger()': XCGLogger 'log' (default) instance destination #(1) 'is' FileDestination [true]...
2024-08-05 11:04:16.037 [Info] [com.cerebralgardens.xcglogger.defaultInstance] [main] [JustACoreLocAndWeather1AppDelegate.swift:270] setupAppDelegateXCGLogger() > JustACoreLocAndWeather1AppDelegate(.swift).(v1.0701):'setupAppDelegateXCGLogger()': XCGLogger 'log' (default) instance destination #(1) Destination 'identifier' is [Optional("com.cerebralgardens.xcglogger.logdestination.file")]...
2024-08-05 11:04:16.037 [Info] [com.cerebralgardens.xcglogger.defaultInstance] [main] [JustACoreLocAndWeather1AppDelegate.swift:271] setupAppDelegateXCGLogger() > JustACoreLocAndWeather1AppDelegate(.swift).(v1.0701):'setupAppDelegateXCGLogger()': XCGLogger 'log' (default) instance destination #(1) is [Optional(FileDestination: com.cerebralgardens.xcglogger.logdestination.file - Level: Verbose showLogIdentifier: true showFunctionName: true showThreadName: true showLevel: true showFileName: true showLineNumber: true showDate: true)]...
2024-08-05 11:04:16.037 [Info] [com.cerebralgardens.xcglogger.defaultInstance] [main] [JustACoreLocAndWeather1AppDelegate.swift:278] setupAppDelegateXCGLogger() > JustACoreLocAndWeather1AppDelegate(.swift).(v1.0701):'setupAppDelegateXCGLogger()': XCGLogger 'log' FileDestination with 'identifier' of [com.cerebralgardens.xcglogger.logdestination.file] is writing to file [Optional(file:///var/mobile/Containers/Data/Application/95218242-E306-4EFD-AB92-93A18785E72F/Documents/JustACoreLocAndWeather1.log)]...
2024-08-05 11:04:16.038 [Info] [com.cerebralgardens.xcglogger.defaultInstance] [main] [JustACoreLocAndWeather1AppDelegate.swift:172] initAppDelegateTraceLog(initappdelegatetracelogtag:) > JustACoreLocAndWeather1AppDelegate(.swift).(v1.0701):'initAppDelegateTraceLog(initappdelegatetracelogtag:)': parameter 'initappdelegatetracelogtag' is [JustACoreLocAndWeather1AppDelegate(.swift).(v1.0701):'init()':<>1]...
2024-08-05 11:04:16.038 [Info] [com.cerebralgardens.xcglogger.defaultInstance] [main] [JustACoreLocAndWeather1AppDelegate.swift:187] initAppDelegateTraceLog(initappdelegatetracelogtag:) > JustACoreLocAndWeather1AppDelegate(.swift).(v1.0701):'initAppDelegateTraceLog(initappdelegatetracelogtag:)': AppDelegate TraceLog setup was called by [JustACoreLocAndWeather1AppDelegate(.swift).(v1.0701):'init()':<>1]...
2024-08-05 11:04:16.038 [Info] [com.cerebralgardens.xcglogger.defaultInstance] [main] [JustACoreLocAndWeather1AppDelegate.swift:144] init() > JustACoreLocAndWeather1AppDelegate(.swift).(v1.0701):'init()': Method Invoked - #(1) time(s) - 'sApplicationName' is [JustACoreLocAndWeather1]...
2024-08-05 11:04:16.038 [Info] [com.cerebralgardens.xcglogger.defaultInstance] [main] [JustACoreLocAndWeather1AppDelegate.swift:145] init() > JustACoreLocAndWeather1AppDelegate(.swift).(v1.0701):'init()': AppDelegate is starting - 'self' is [<JustACoreLocAndWeather1.JustACoreLocAndWeather1AppDelegate: 0x3026781a0>]...
2024-08-05 11:04:16.038 [Info] [com.cerebralgardens.xcglogger.defaultInstance] [main] [JustACoreLocAndWeather1AppDelegate.swift:146] init() > JustACoreLocAndWeather1AppDelegate(.swift).(v1.0701):'init()': XCGLogger 'log' instance 'self.xcgLogger' is being used (default instance)...
2024-08-05 11:04:16.038 [Info] [com.cerebralgardens.xcglogger.defaultInstance] [main] [JustACoreLocAndWeather1AppDelegate.swift:575] dumpAppInfoPlistToLog() > JustACoreLocAndWeather1AppDelegate(.swift).(v1.0701):'dumpAppInfoPlistToLog()': Invoked...

2024-08-05 11:04:16.038 [Info] [com.cerebralgardens.xcglogger.defaultInstance] [main] [JustACoreLocAndWeather1AppDelegate.swift:610] dumpAppInfoPlistToLog() > 
JustACoreLocAndWeather1AppDelegate(.swift).(v1.0701):'dumpAppInfoPlistToLog()': 
    Read the dictionary 'dictInfoPlist' with (37) element(s) of 
    [["NSLocationUsageDescription": This App uses your Location to provice City and Weather information, 
===>  "CFBundleShortVersionString": 1.01, 
      "NSLocationWhenInUseUsageDescription": This App uses your Location to provice City and Weather information, 
      "MinimumOSVersion": 17.5, 
      "UIApplicationSupportsIndirectInputEvents": 1,
      "CFBundleIcons~ipad": {
          CFBundlePrimaryIcon =     {
              CFBundleIconFiles =         (
                  AppIcon60x60,
                  AppIcon76x76
          );
          CFBundleIconName = AppIcon;
      };
      }, 
      "DTXcodeBuild": 15F31d, 
      "LSApplicationCategoryType": public.app-category.weather, 
      "DTXcode": 1540, 
      "DTSDKBuild": 21F77, 
      "CFBundleIcons": {
          CFBundlePrimaryIcon =     {
              CFBundleIconFiles =         (
                  AppIcon60x60
              );
          CFBundleIconName = AppIcon;
       };
      }, 
      "UISupportedInterfaceOrientations~ipad": <__NSArrayM 0x301327c90>(
           UIInterfaceOrientationPortrait,
           UIInterfaceOrientationPortraitUpsideDown,
           UIInterfaceOrientationLandscapeLeft,
           UIInterfaceOrientationLandscapeRight
           )
    , "UISupportedInterfaceOrientations~iphone": <__NSArrayM 0x301327d80>(
           UIInterfaceOrientationPortrait,
           UIInterfaceOrientationLandscapeLeft,
           UIInterfaceOrientationLandscapeRight
           )
    , "CFBundleDisplayName": JustACoreLocAndWeather1,
     
      "CFBundleDevelopmentRegion": en,
      "CFBundleInfoDictionaryVersion": 6.0, 
===>  "CFBundleVersion": 06.05.24C218, 
      "DTPlatformBuild": 21F77, 
      "NSHumanReadableCopyright": Copyright © JustMacApps 2023-2024. All rights reserved., 
      "DTPlatformName": iphoneos, 
      "UIDeviceFamily": <__NSArrayM 0x301327ab0>(
          1,
          2
          )
    , "UIApplicationSceneManifest": {
          UIApplicationSupportsMultipleScenes = 1;
          UISceneConfigurations =     {
              };
   }, "CFBundlePackageType": APPL,
      "NSLocationDefaultAccuracyReduced": 0, 
      "UIRequiredDeviceCapabilities": <__NSArrayM 0x301327b70>(
          arm64
          )
   , "UILaunchScreen": {
          UILaunchScreen =     {
          };
  }, "NSLocationAlwaysUsageDescription": This App uses your Location to provice City and Weather information, 
     "DTPlatformVersion": 17.5, 
     "CFBundleName": JustACoreLocAndWeather1, 
     "LSRequiresIPhoneOS": 1,
     "DTCompiler": com.apple.compilers.llvm.clang.1_0, 
     "CFBundleSupportedPlatforms": <__NSArrayM 0x301327690>(
          iPhoneOS
          )
   , "BuildMachineOSBuild": 23F79, 
     "CFBundleExecutable": JustACoreLocAndWeather1,
     "NSLocationAlwaysAndWhenInUseUsageDescription": This App uses your Location to provice City and Weather information, 
     "CFBundleIdentifier": net.justmacapps.JustACoreLocAndWeather1, 
     "DTSDKName": iphoneos17.5]] 
     from file [Optional(file:///private/var/containers/Bundle/Application/BF7DBC95-FAB9-489E-80A9-E8F2C2CA0F14/JustACoreLocAndWeather1.app/Info.plist)]...

2024-08-05 11:04:16.038 [Info] [com.cerebralgardens.xcglogger.defaultInstance] [main] [JustACoreLocAndWeather1AppDelegate.swift:611] dumpAppInfoPlistToLog() > JustACoreLocAndWeather1AppDelegate(.swift).(v1.0701):'dumpAppInfoPlistToLog()': Exiting...
2024-08-05 11:04:16.038 [Info] [com.cerebralgardens.xcglogger.defaultInstance] [main] [JustACoreLocAndWeather1AppDelegate.swift:154] init() > JustACoreLocAndWeather1AppDelegate(.swift).(v1.0701):'init()': Method Exiting - #(1) time(s) - 'sApplicationName' is [JustACoreLocAndWeather1]...

CoreLocationModelObservable(.swift).(v1.0402):'init()' Invoked...
CoreLocationModelObservable(.swift).(v1.0402):'requestLocationUpdate()' Invoked...
CoreLocationModelObservable(.swift).(v1.0402):'requestLocationUpdate()' Exiting...
CoreLocationModelObservable(.swift).(v1.0402):'init()' Exiting...
CoreLocationModelObservable(.swift).(v1.0402):'locationManagerDidChangeAuthorization(_:)' Invoked...
The User has changed the selection to 'Always Allow'...
CoreLocationModelObservable(.swift).(v1.0402):'locationManagerDidChangeAuthorization(_:)' Exiting...
CoreLocationModelObservable(.swift).(v1.0402):'locationManager(_:didUpdateLocations:)' Invoked...
Latitude: 32.863067626953125, Longitude: -97.19303563867025
CoreLocationModelObservable(.swift).(v1.0402):'locationManager(_:didUpdateLocations:)' Exiting...
2024-08-05 11:04:16.145 [Info] [com.cerebralgardens.xcglogger.defaultInstance] [main] [JustACoreLocAndWeather1App.swift:65] xcgLogger(sMessage:) > JustACoreLocAndWeather1App(.swift).(v1.0301)::body(some Scene) Copyright (C) JustMacApps 2023-2024. All Rights Reserved....
2024-08-05 11:04:16.145 [Info] [com.cerebralgardens.xcglogger.defaultInstance] [main] [JustACoreLocAndWeather1App.swift:65] xcgLogger(sMessage:) > JustACoreLocAndWeather1App(.swift).(v1.0301)::body(some Scene) - 'sAppBundlePath' is [/private/var/containers/Bundle/Application/BF7DBC95-FAB9-489E-80A9-E8F2C2CA0F14/JustACoreLocAndWeather1.app]...
2024-08-05 11:04:16.166 [Info] [com.cerebralgardens.xcglogger.defaultInstance] [main] [ContentView.swift:269] xcgLoggerMsg(sMessage:) > ContentView(.swift).(v1.0501)::body(some View) Copyright (C) JustMacApps 2023-2024. All Rights Reserved....
CoreLocationModelObservable(.swift).(v1.0402):'requestLocationUpdate()' Invoked...
CoreLocationModelObservable(.swift).(v1.0402):'requestLocationUpdate()' Exiting...
CoreLocationModelObservable(.swift).(v1.0402):'updateGeocoderLocation(latitude:longitude:)' Invoked...
CoreLocationModelObservable(.swift).(v1.0402):'updateGeocoderLocation(latitude:longitude:)' Exiting...
CoreLocationModelObservable(.swift).(v1.0402):'locationManager(_:didUpdateLocations:)' Invoked...
Latitude: 32.863067626953125, Longitude: -97.19303563867025
CoreLocationModelObservable(.swift).(v1.0402):'locationManager(_:didUpdateLocations:)' Exiting...
2024-08-05 11:04:16.469 [Info] [com.cerebralgardens.xcglogger.defaultInstance] [main] [ContentView.swift:269] xcgLoggerMsg(sMessage:) > ContentView(.swift).(v1.0501)::body(some View) Copyright (C) JustMacApps 2023-2024. All Rights Reserved....
2024-08-05 11:06:06.232 [Info] [com.cerebralgardens.xcglogger.defaultInstance] [main] [JustACoreLocAndWeather1AppDelegate.swift:436] applicationWillTerminate(_:) > JustACoreLocAndWeather1AppDelegate(.swift).(v1.0701):'applicationWillTerminate(_:)': Invoked - 'uiApplication' is [<_TtC7SwiftUIP33_ACC2C5639A7D76F611E170E831FCA49118SwiftUIApplication: 0x1192059b0>] - 'sApplicationName' is [JustACoreLocAndWeather1] - 'self' is [<JustACoreLocAndWeather1.JustACoreLocAndWeather1AppDelegate: 0x3026781a0>]...
2024-08-05 11:06:06.235 [Info] [com.cerebralgardens.xcglogger.defaultInstance] [main] [JustACoreLocAndWeather1AppDelegate.swift:438] applicationWillTerminate(_:) > JustACoreLocAndWeather1AppDelegate(.swift).(v1.0701):'applicationWillTerminate(_:)': Current 'JustACoreLocAndWeather1AppDelegate' is [{[['sClsId': [JustACoreLocAndWeather1AppDelegate],'sClsVers': [v1.0701],'sClsDisp': [JustACoreLocAndWeather1AppDelegate(.swift).(v1.0701):],'sClsCopyRight': [Copyright (C) JustMacApps 2023-2024. All Rights Reserved.],'bClsTrace': [true],'bClsFileLog': [true],],['sApplicationName': [JustACoreLocAndWeather1],],['cAppDelegateInitCalls': (1),],['bAppTitleSetupRequired': [true],'bUseApplicationShortTitle': [true],'sApplicationTitle': [-N/A-],],['sHelpBasicFileExt': [html],'sHelpBasicContents': [-N/A-],'helpBasicMode': [simpletext],'helpBasicLoader': [{[['sClsId': [HelpBasicLoader],'sClsVers': [v1.0501],'sClsDisp': [HelpBasicLoader.(v1.0501): ],'sClsCopyRight': [Copyright (C) JustMacApps 2023-2024. All Rights Reserved.],'bClsTrace': [true],],['bHelpSetupRequired': [true],'sHelpBasicLoaderTag': [],'sHelpBasicFileExt': [html],'sHelpBasicContents': [-N/A-],'helpBasicMode': [simpletext],],]}],],['bClsTraceInternal': [true],'bAppDelegateTraceLogInitRequired': [false],'sInitAppDelegateTraceLogTag': [JustACoreLocAndWeather1AppDelegate(.swift).(v1.0701):'init()':<>1],'bAppDelegateLogFilespecIsUsable': [true],'urlAppDelegateLogFilespec': [Optional(file:///var/mobile/Containers/Data/Application/95218242-E306-4EFD-AB92-93A18785E72F/Documents/JustACoreLocAndWeather1.log)],'urlAppDelegateLogFilepath': [Optional(file:///var/mobile/Containers/Data/Application/95218242-E306-4EFD-AB92-93A18785E72F/Documents/)],'sAppDelegateLogFilespec': [Optional("/var/mobile/Containers/Data/Application/95218242-E306-4EFD-AB92-93A18785E72F/Documents/JustACoreLocAndWeather1.log")],'sAppDelegateLogFilepath': [Optional("/var/mobile/Containers/Data/Application/95218242-E306-4EFD-AB92-93A18785E72F/Documents")],'xcgLogger': [Optional(XCGLogger: com.cerebralgardens.xcglogger.defaultInstance - destinations: 
	 ConsoleDestination: com.cerebralgardens.xcglogger.logdestination.console - Level: Verbose showLogIdentifier: true showFunctionName: true showThreadName: true showLevel: true showFileName: true showLineNumber: true showDate: true
	 FileDestination: com.cerebralgardens.xcglogger.logdestination.file - Level: Verbose showLogIdentifier: true showFunctionName: true showThreadName: true showLevel: true showFileName: true showLineNumber: true showDate: true
)],],]}]...
2024-08-05 11:06:06.236 [Info] [com.cerebralgardens.xcglogger.defaultInstance] [main] [JustACoreLocAndWeather1AppDelegate.swift:440] applicationWillTerminate(_:) > JustACoreLocAndWeather1AppDelegate(.swift).(v1.0701):'applicationWillTerminate(_:)': AppDelegate is stopping...
2024-08-05 11:06:06.236 [Info] [com.cerebralgardens.xcglogger.defaultInstance] [main] [JustACoreLocAndWeather1AppDelegate.swift:444] applicationWillTerminate(_:) > JustACoreLocAndWeather1AppDelegate(.swift).(v1.0701):'applicationWillTerminate(_:)': Method Exiting...

