
JustACoreLocAndWeather1AppDelegate(.swift).(v1.0701):'init()': - Invoked - #(1) time(s) - 'self' is [<JustACoreLocAndWeather1.JustACoreLocAndWeather1AppDelegate: 0x3001cc270>]...
'[JustACoreLocAndWeather1AppDelegate(.swift).(v1.0701):]' - ...'self.sAppDelegateLogFilespec' (computed) is [Optional("/var/mobile/Containers/Data/Application/54178005-5AAC-4F33-A069-65FA05C60DB2/Documents/JustACoreLocAndWeather1.log")]...
'[JustACoreLocAndWeather1AppDelegate(.swift).(v1.0701):]' - ...'self.sAppDelegateLogFilepath' (resolved #2) is [Optional("/var/mobile/Containers/Data/Application/54178005-5AAC-4F33-A069-65FA05C60DB2/Documents")]...
2024-08-05 10:54:21.212 [Info] [com.cerebralgardens.xcglogger.defaultInstance] > XCGLogger writing log to: file:///var/mobile/Containers/Data/Application/54178005-5AAC-4F33-A069-65FA05C60DB2/Documents/JustACoreLocAndWeather1.log
2024-08-05 10:54:21.212 [Info] [com.cerebralgardens.xcglogger.defaultInstance] > JustACoreLocAndWeather1 Version: 1.01 Build: 06.04.24C218 PID: 2899
2024-08-05 10:54:21.212 [Info] [com.cerebralgardens.xcglogger.defaultInstance] > XCGLogger Version: 7.1.5 - Level: Verbose
2024-08-05 10:54:21.213 [Info] [com.cerebralgardens.xcglogger.defaultInstance] [main] [JustACoreLocAndWeather1AppDelegate.swift:259] setupAppDelegateXCGLogger() > JustACoreLocAndWeather1AppDelegate(.swift).(v1.0701):'setupAppDelegateXCGLogger()': XCGLogger 'log' (default) instance has these destinations (2): [Optional([ConsoleDestination: com.cerebralgardens.xcglogger.logdestination.console - Level: Verbose showLogIdentifier: true showFunctionName: true showThreadName: true showLevel: true showFileName: true showLineNumber: true showDate: true, FileDestination: com.cerebralgardens.xcglogger.logdestination.file - Level: Verbose showLogIdentifier: true showFunctionName: true showThreadName: true showLevel: true showFileName: true showLineNumber: true showDate: true])]...
2024-08-05 10:54:21.214 [Info] [com.cerebralgardens.xcglogger.defaultInstance] [main] [JustACoreLocAndWeather1AppDelegate.swift:264] setupAppDelegateXCGLogger() > JustACoreLocAndWeather1AppDelegate(.swift).(v1.0701):'setupAppDelegateXCGLogger()': XCGLogger 'log' (default) instance destination #(0) TYPE is [Optional<DestinationProtocol>]...
2024-08-05 10:54:21.214 [Info] [com.cerebralgardens.xcglogger.defaultInstance] [main] [JustACoreLocAndWeather1AppDelegate.swift:265] setupAppDelegateXCGLogger() > JustACoreLocAndWeather1AppDelegate(.swift).(v1.0701):'setupAppDelegateXCGLogger()': XCGLogger 'log' (default) instance destination #(0) 'is' FileDestination [false]...
2024-08-05 10:54:21.214 [Info] [com.cerebralgardens.xcglogger.defaultInstance] [main] [JustACoreLocAndWeather1AppDelegate.swift:266] setupAppDelegateXCGLogger() > JustACoreLocAndWeather1AppDelegate(.swift).(v1.0701):'setupAppDelegateXCGLogger()': XCGLogger 'log' (default) instance destination #(0) Destination 'identifier' is [Optional("com.cerebralgardens.xcglogger.logdestination.console")]...
2024-08-05 10:54:21.214 [Info] [com.cerebralgardens.xcglogger.defaultInstance] [main] [JustACoreLocAndWeather1AppDelegate.swift:267] setupAppDelegateXCGLogger() > JustACoreLocAndWeather1AppDelegate(.swift).(v1.0701):'setupAppDelegateXCGLogger()': XCGLogger 'log' (default) instance destination #(0) is [Optional(ConsoleDestination: com.cerebralgardens.xcglogger.logdestination.console - Level: Verbose showLogIdentifier: true showFunctionName: true showThreadName: true showLevel: true showFileName: true showLineNumber: true showDate: true)]...
2024-08-05 10:54:21.214 [Info] [com.cerebralgardens.xcglogger.defaultInstance] [main] [JustACoreLocAndWeather1AppDelegate.swift:264] setupAppDelegateXCGLogger() > JustACoreLocAndWeather1AppDelegate(.swift).(v1.0701):'setupAppDelegateXCGLogger()': XCGLogger 'log' (default) instance destination #(1) TYPE is [Optional<DestinationProtocol>]...
2024-08-05 10:54:21.214 [Info] [com.cerebralgardens.xcglogger.defaultInstance] [main] [JustACoreLocAndWeather1AppDelegate.swift:265] setupAppDelegateXCGLogger() > JustACoreLocAndWeather1AppDelegate(.swift).(v1.0701):'setupAppDelegateXCGLogger()': XCGLogger 'log' (default) instance destination #(1) 'is' FileDestination [true]...
2024-08-05 10:54:21.214 [Info] [com.cerebralgardens.xcglogger.defaultInstance] [main] [JustACoreLocAndWeather1AppDelegate.swift:266] setupAppDelegateXCGLogger() > JustACoreLocAndWeather1AppDelegate(.swift).(v1.0701):'setupAppDelegateXCGLogger()': XCGLogger 'log' (default) instance destination #(1) Destination 'identifier' is [Optional("com.cerebralgardens.xcglogger.logdestination.file")]...
2024-08-05 10:54:21.214 [Info] [com.cerebralgardens.xcglogger.defaultInstance] [main] [JustACoreLocAndWeather1AppDelegate.swift:267] setupAppDelegateXCGLogger() > JustACoreLocAndWeather1AppDelegate(.swift).(v1.0701):'setupAppDelegateXCGLogger()': XCGLogger 'log' (default) instance destination #(1) is [Optional(FileDestination: com.cerebralgardens.xcglogger.logdestination.file - Level: Verbose showLogIdentifier: true showFunctionName: true showThreadName: true showLevel: true showFileName: true showLineNumber: true showDate: true)]...
2024-08-05 10:54:21.214 [Info] [com.cerebralgardens.xcglogger.defaultInstance] [main] [JustACoreLocAndWeather1AppDelegate.swift:274] setupAppDelegateXCGLogger() > JustACoreLocAndWeather1AppDelegate(.swift).(v1.0701):'setupAppDelegateXCGLogger()': XCGLogger 'log' FileDestination with 'identifier' of [com.cerebralgardens.xcglogger.logdestination.file] is writing to file [Optional(file:///var/mobile/Containers/Data/Application/54178005-5AAC-4F33-A069-65FA05C60DB2/Documents/JustACoreLocAndWeather1.log)]...
2024-08-05 10:54:21.214 [Info] [com.cerebralgardens.xcglogger.defaultInstance] [main] [JustACoreLocAndWeather1AppDelegate.swift:168] initAppDelegateTraceLog(initappdelegatetracelogtag:) > JustACoreLocAndWeather1AppDelegate(.swift).(v1.0701):'initAppDelegateTraceLog(initappdelegatetracelogtag:)': parameter 'initappdelegatetracelogtag' is [JustACoreLocAndWeather1AppDelegate(.swift).(v1.0701):'init()':<>1]...
2024-08-05 10:54:21.214 [Info] [com.cerebralgardens.xcglogger.defaultInstance] [main] [JustACoreLocAndWeather1AppDelegate.swift:183] initAppDelegateTraceLog(initappdelegatetracelogtag:) > JustACoreLocAndWeather1AppDelegate(.swift).(v1.0701):'initAppDelegateTraceLog(initappdelegatetracelogtag:)': AppDelegate TraceLog setup was called by [JustACoreLocAndWeather1AppDelegate(.swift).(v1.0701):'init()':<>1]...
2024-08-05 10:54:21.214 [Info] [com.cerebralgardens.xcglogger.defaultInstance] [main] [JustACoreLocAndWeather1AppDelegate.swift:144] init() > JustACoreLocAndWeather1AppDelegate(.swift).(v1.0701):'init()': Method Invoked - #(1) time(s) - 'sApplicationName' is [JustACoreLocAndWeather1]...
2024-08-05 10:54:21.214 [Info] [com.cerebralgardens.xcglogger.defaultInstance] [main] [JustACoreLocAndWeather1AppDelegate.swift:145] init() > JustACoreLocAndWeather1AppDelegate(.swift).(v1.0701):'init()': AppDelegate is starting - 'self' is [<JustACoreLocAndWeather1.JustACoreLocAndWeather1AppDelegate: 0x3001cc270>]...
2024-08-05 10:54:21.214 [Info] [com.cerebralgardens.xcglogger.defaultInstance] [main] [JustACoreLocAndWeather1AppDelegate.swift:146] init() > JustACoreLocAndWeather1AppDelegate(.swift).(v1.0701):'init()': XCGLogger 'log' instance 'self.xcgLogger' is being used (default instance)...
2024-08-05 10:54:21.214 [Info] [com.cerebralgardens.xcglogger.defaultInstance] [main] [JustACoreLocAndWeather1AppDelegate.swift:150] init() > JustACoreLocAndWeather1AppDelegate(.swift).(v1.0701):'init()': Method Exiting - #(1) time(s) - 'sApplicationName' is [JustACoreLocAndWeather1]...
CoreLocationModelObservable(.swift).(v1.0402):'init()' Invoked...
CoreLocationModelObservable(.swift).(v1.0402):'requestLocationUpdate()' Invoked...
CoreLocationModelObservable(.swift).(v1.0402):'requestLocationUpdate()' Exiting...
CoreLocationModelObservable(.swift).(v1.0402):'init()' Exiting...
CoreLocationModelObservable(.swift).(v1.0402):'locationManagerDidChangeAuthorization(_:)' Invoked...
The User has changed the selection to 'Always Allow'...
CoreLocationModelObservable(.swift).(v1.0402):'locationManagerDidChangeAuthorization(_:)' Exiting...
CoreLocationModelObservable(.swift).(v1.0402):'locationManager(_:didUpdateLocations:)' Invoked...
Latitude: 32.863067626953125, Longitude: -97.19303563867025
CoreLocationModelObservable(.swift).(v1.0402):'locationManager(_:didUpdateLocations:)' Exiting...
2024-08-05 10:54:21.478 [Info] [com.cerebralgardens.xcglogger.defaultInstance] [main] [JustACoreLocAndWeather1App.swift:65] xcgLogger(sMessage:) > JustACoreLocAndWeather1App(.swift).(v1.0301)::body(some Scene) Copyright (C) JustMacApps 2023-2024. All Rights Reserved....
2024-08-05 10:54:21.478 [Info] [com.cerebralgardens.xcglogger.defaultInstance] [main] [JustACoreLocAndWeather1App.swift:65] xcgLogger(sMessage:) > JustACoreLocAndWeather1App(.swift).(v1.0301)::body(some Scene) - 'sAppBundlePath' is [/private/var/containers/Bundle/Application/CED996EF-FC6D-48A1-8C9F-6920C5A314F4/JustACoreLocAndWeather1.app]...
2024-08-05 10:54:21.511 [Info] [com.cerebralgardens.xcglogger.defaultInstance] [main] [ContentView.swift:269] xcgLoggerMsg(sMessage:) > ContentView(.swift).(v1.0501)::body(some View) Copyright (C) JustMacApps 2023-2024. All Rights Reserved....
CoreLocationModelObservable(.swift).(v1.0402):'requestLocationUpdate()' Invoked...
CoreLocationModelObservable(.swift).(v1.0402):'requestLocationUpdate()' Exiting...
CoreLocationModelObservable(.swift).(v1.0402):'updateGeocoderLocation(latitude:longitude:)' Invoked...
CoreLocationModelObservable(.swift).(v1.0402):'updateGeocoderLocation(latitude:longitude:)' Exiting...
CoreLocationModelObservable(.swift).(v1.0402):'locationManager(_:didUpdateLocations:)' Invoked...
Latitude: 32.863067626953125, Longitude: -97.19303563867025
CoreLocationModelObservable(.swift).(v1.0402):'locationManager(_:didUpdateLocations:)' Exiting...
CoreLocationModelObservable(.swift).(v1.0402):'locationManager(_:didUpdateLocations:)' Invoked...
Latitude: 32.863067626953125, Longitude: -97.19303563867025
CoreLocationModelObservable(.swift).(v1.0402):'locationManager(_:didUpdateLocations:)' Exiting...
2024-08-05 10:54:21.998 [Info] [com.cerebralgardens.xcglogger.defaultInstance] [main] [ContentView.swift:269] xcgLoggerMsg(sMessage:) > ContentView(.swift).(v1.0501)::body(some View) Copyright (C) JustMacApps 2023-2024. All Rights Reserved....
2024-08-05 10:54:44.116 [Info] [com.cerebralgardens.xcglogger.defaultInstance] [main] [ContentView.swift:269] xcgLoggerMsg(sMessage:) > ContentView(.swift).(v1.0501):ContentView in Button(Xcode).'Settings'.#(1)...

