
JustACoreLocAndWeather1AppDelegate(.swift).(v1.0804):'init()': - Invoked - #(1) time(s) - 'self' is [<JustACoreLocAndWeather1.JustACoreLocAndWeather1AppDelegate: 0x301eac1a0>]...
'[JustACoreLocAndWeather1AppDelegate(.swift).(v1.0804):]' - ...'self.sAppDelegateLogFilespec' (computed) is [Optional("/var/mobile/Containers/Data/Application/6877F1F8-1A2A-4DE6-B585-2BBEFB13145C/Documents/JustACoreLocAndWeather1.log")]...
'[JustACoreLocAndWeather1AppDelegate(.swift).(v1.0804):]' - ...'self.sAppDelegateLogFilepath' (resolved #2) is [Optional("/var/mobile/Containers/Data/Application/6877F1F8-1A2A-4DE6-B585-2BBEFB13145C/Documents")]...
2024-08-05 12:32:28.035 [Info] [com.cerebralgardens.xcglogger.defaultInstance] > XCGLogger writing log to: file:///var/mobile/Containers/Data/Application/6877F1F8-1A2A-4DE6-B585-2BBEFB13145C/Documents/JustACoreLocAndWeather1.log
2024-08-05 12:32:28.036 [Info] [com.cerebralgardens.xcglogger.defaultInstance] > JustACoreLocAndWeather1 Version: 1.01 Build: 06.09.24C218 PID: 2939
2024-08-05 12:32:28.036 [Info] [com.cerebralgardens.xcglogger.defaultInstance] > XCGLogger Version: 7.1.5 - Level: Verbose
2024-08-05 12:32:28.036 [Info] [com.cerebralgardens.xcglogger.defaultInstance] [main] [JustACoreLocAndWeather1AppDelegate.swift:296] setupAppDelegateXCGLogger() > JustACoreLocAndWeather1AppDelegate(.swift).(v1.0804):'setupAppDelegateXCGLogger()': XCGLogger 'log' (default) instance has these destinations (2): [Optional([ConsoleDestination: com.cerebralgardens.xcglogger.logdestination.console - Level: Verbose showLogIdentifier: true showFunctionName: true showThreadName: true showLevel: true showFileName: true showLineNumber: true showDate: true, FileDestination: com.cerebralgardens.xcglogger.logdestination.file - Level: Verbose showLogIdentifier: true showFunctionName: true showThreadName: true showLevel: true showFileName: true showLineNumber: true showDate: true])]...
2024-08-05 12:32:28.037 [Info] [com.cerebralgardens.xcglogger.defaultInstance] [main] [JustACoreLocAndWeather1AppDelegate.swift:301] setupAppDelegateXCGLogger() > JustACoreLocAndWeather1AppDelegate(.swift).(v1.0804):'setupAppDelegateXCGLogger()': XCGLogger 'log' (default) instance destination #(0) TYPE is [Optional<DestinationProtocol>]...
2024-08-05 12:32:28.037 [Info] [com.cerebralgardens.xcglogger.defaultInstance] [main] [JustACoreLocAndWeather1AppDelegate.swift:302] setupAppDelegateXCGLogger() > JustACoreLocAndWeather1AppDelegate(.swift).(v1.0804):'setupAppDelegateXCGLogger()': XCGLogger 'log' (default) instance destination #(0) 'is' FileDestination [false]...
2024-08-05 12:32:28.037 [Info] [com.cerebralgardens.xcglogger.defaultInstance] [main] [JustACoreLocAndWeather1AppDelegate.swift:303] setupAppDelegateXCGLogger() > JustACoreLocAndWeather1AppDelegate(.swift).(v1.0804):'setupAppDelegateXCGLogger()': XCGLogger 'log' (default) instance destination #(0) Destination 'identifier' is [Optional("com.cerebralgardens.xcglogger.logdestination.console")]...
2024-08-05 12:32:28.037 [Info] [com.cerebralgardens.xcglogger.defaultInstance] [main] [JustACoreLocAndWeather1AppDelegate.swift:304] setupAppDelegateXCGLogger() > JustACoreLocAndWeather1AppDelegate(.swift).(v1.0804):'setupAppDelegateXCGLogger()': XCGLogger 'log' (default) instance destination #(0) is [Optional(ConsoleDestination: com.cerebralgardens.xcglogger.logdestination.console - Level: Verbose showLogIdentifier: true showFunctionName: true showThreadName: true showLevel: true showFileName: true showLineNumber: true showDate: true)]...
2024-08-05 12:32:28.037 [Info] [com.cerebralgardens.xcglogger.defaultInstance] [main] [JustACoreLocAndWeather1AppDelegate.swift:301] setupAppDelegateXCGLogger() > JustACoreLocAndWeather1AppDelegate(.swift).(v1.0804):'setupAppDelegateXCGLogger()': XCGLogger 'log' (default) instance destination #(1) TYPE is [Optional<DestinationProtocol>]...
2024-08-05 12:32:28.037 [Info] [com.cerebralgardens.xcglogger.defaultInstance] [main] [JustACoreLocAndWeather1AppDelegate.swift:302] setupAppDelegateXCGLogger() > JustACoreLocAndWeather1AppDelegate(.swift).(v1.0804):'setupAppDelegateXCGLogger()': XCGLogger 'log' (default) instance destination #(1) 'is' FileDestination [true]...
2024-08-05 12:32:28.037 [Info] [com.cerebralgardens.xcglogger.defaultInstance] [main] [JustACoreLocAndWeather1AppDelegate.swift:303] setupAppDelegateXCGLogger() > JustACoreLocAndWeather1AppDelegate(.swift).(v1.0804):'setupAppDelegateXCGLogger()': XCGLogger 'log' (default) instance destination #(1) Destination 'identifier' is [Optional("com.cerebralgardens.xcglogger.logdestination.file")]...
2024-08-05 12:32:28.037 [Info] [com.cerebralgardens.xcglogger.defaultInstance] [main] [JustACoreLocAndWeather1AppDelegate.swift:304] setupAppDelegateXCGLogger() > JustACoreLocAndWeather1AppDelegate(.swift).(v1.0804):'setupAppDelegateXCGLogger()': XCGLogger 'log' (default) instance destination #(1) is [Optional(FileDestination: com.cerebralgardens.xcglogger.logdestination.file - Level: Verbose showLogIdentifier: true showFunctionName: true showThreadName: true showLevel: true showFileName: true showLineNumber: true showDate: true)]...
2024-08-05 12:32:28.037 [Info] [com.cerebralgardens.xcglogger.defaultInstance] [main] [JustACoreLocAndWeather1AppDelegate.swift:311] setupAppDelegateXCGLogger() > JustACoreLocAndWeather1AppDelegate(.swift).(v1.0804):'setupAppDelegateXCGLogger()': XCGLogger 'log' FileDestination with 'identifier' of [com.cerebralgardens.xcglogger.logdestination.file] is writing to file [Optional(file:///var/mobile/Containers/Data/Application/6877F1F8-1A2A-4DE6-B585-2BBEFB13145C/Documents/JustACoreLocAndWeather1.log)]...
2024-08-05 12:32:28.037 [Info] [com.cerebralgardens.xcglogger.defaultInstance] [main] [JustACoreLocAndWeather1AppDelegate.swift:205] initAppDelegateTraceLog(initappdelegatetracelogtag:) > JustACoreLocAndWeather1AppDelegate(.swift).(v1.0804):'initAppDelegateTraceLog(initappdelegatetracelogtag:)': parameter 'initappdelegatetracelogtag' is [JustACoreLocAndWeather1AppDelegate(.swift).(v1.0804):'init()':<>1]...
2024-08-05 12:32:28.037 [Info] [com.cerebralgardens.xcglogger.defaultInstance] [main] [JustACoreLocAndWeather1AppDelegate.swift:220] initAppDelegateTraceLog(initappdelegatetracelogtag:) > JustACoreLocAndWeather1AppDelegate(.swift).(v1.0804):'initAppDelegateTraceLog(initappdelegatetracelogtag:)': AppDelegate TraceLog setup was called by [JustACoreLocAndWeather1AppDelegate(.swift).(v1.0804):'init()':<>1]...
2024-08-05 12:32:28.037 [Info] [com.cerebralgardens.xcglogger.defaultInstance] [main] [JustACoreLocAndWeather1AppDelegate.swift:144] init() > JustACoreLocAndWeather1AppDelegate(.swift).(v1.0804):'init()': Method Invoked - #(1) time(s) - 'sApplicationName' is [JustACoreLocAndWeather1]...
2024-08-05 12:32:28.037 [Info] [com.cerebralgardens.xcglogger.defaultInstance] [main] [JustACoreLocAndWeather1AppDelegate.swift:145] init() > JustACoreLocAndWeather1AppDelegate(.swift).(v1.0804):'init()': AppDelegate is starting - 'self' is [<JustACoreLocAndWeather1.JustACoreLocAndWeather1AppDelegate: 0x301eac1a0>]...
2024-08-05 12:32:28.037 [Info] [com.cerebralgardens.xcglogger.defaultInstance] [main] [JustACoreLocAndWeather1AppDelegate.swift:146] init() > JustACoreLocAndWeather1AppDelegate(.swift).(v1.0804):'init()': XCGLogger 'log' instance 'self.xcgLogger' is being used (default instance)...
2024-08-05 12:32:28.037 [Info] [com.cerebralgardens.xcglogger.defaultInstance] [main] [JustACoreLocAndWeather1AppDelegate.swift:575] dumpAppInfoPlistToLog() > JustACoreLocAndWeather1AppDelegate(.swift).(v1.0804):'dumpAppInfoPlistToLog()': Invoked...
2024-08-05 12:32:28.038 [Info] [com.cerebralgardens.xcglogger.defaultInstance] [main] [JustACoreLocAndWeather1AppDelegate.swift:610] dumpAppInfoPlistToLog() > JustACoreLocAndWeather1AppDelegate(.swift).(v1.0804):'dumpAppInfoPlistToLog()': Read the dictionary 'dictInfoPlist' with (37) element(s) of [["CFBundleInfoDictionaryVersion": 6.0, "DTPlatformVersion": 17.5, "DTCompiler": com.apple.compilers.llvm.clang.1_0, "CFBundleIcons~ipad": {
    CFBundlePrimaryIcon =     {
        CFBundleIconFiles =         (
            AppIcon60x60,
            AppIcon76x76
        );
        CFBundleIconName = AppIcon;
    };
}, "DTXcode": 1540, "UIApplicationSceneManifest": {
    UIApplicationSupportsMultipleScenes = 1;
    UISceneConfigurations =     {
    };
}, "DTSDKName": iphoneos17.5, "UIApplicationSupportsIndirectInputEvents": 1, "CFBundleDevelopmentRegion": en, "LSApplicationCategoryType": public.app-category.weather, "MinimumOSVersion": 17.5, "DTPlatformName": iphoneos, "NSLocationAlwaysAndWhenInUseUsageDescription": This App uses your Location to provice City and Weather information, "CFBundleVersion": 06.09.24C218, "UISupportedInterfaceOrientations~iphone": <__NSArrayM 0x302baa2e0>(
UIInterfaceOrientationPortrait,
UIInterfaceOrientationLandscapeLeft,
UIInterfaceOrientationLandscapeRight
)
, "UISupportedInterfaceOrientations~ipad": <__NSArrayM 0x302baa1f0>(
UIInterfaceOrientationPortrait,
UIInterfaceOrientationPortraitUpsideDown,
UIInterfaceOrientationLandscapeLeft,
UIInterfaceOrientationLandscapeRight
)
, "CFBundlePackageType": APPL, "CFBundleExecutable": JustACoreLocAndWeather1, "NSLocationAlwaysUsageDescription": This App uses your Location to provice City and Weather information, "CFBundleSupportedPlatforms": <__NSArrayM 0x302ba9bf0>(
iPhoneOS
)
, "CFBundleIcons": {
    CFBundlePrimaryIcon =     {
        CFBundleIconFiles =         (
            AppIcon60x60
        );
        CFBundleIconName = AppIcon;
    };
}, "UIDeviceFamily": <__NSArrayM 0x302baa010>(
1,
2
)
, "LSRequiresIPhoneOS": 1, "DTXcodeBuild": 15F31d, "CFBundleName": JustACoreLocAndWeather1, "NSHumanReadableCopyright": Copyright © JustMacApps 2023-2024. All rights reserved., "UIRequiredDeviceCapabilities": <__NSArrayM 0x302baa0d0>(
arm64
)
, "DTPlatformBuild": 21F77, "CFBundleIdentifier": net.justmacapps.JustACoreLocAndWeather1, "NSLocationUsageDescription": This App uses your Location to provice City and Weather information, "BuildMachineOSBuild": 23F79, "DTSDKBuild": 21F77, "CFBundleDisplayName": JustACoreLocAndWeather1, "CFBundleShortVersionString": 1.01, "NSLocationWhenInUseUsageDescription": This App uses your Location to provice City and Weather information, "UILaunchScreen": {
    UILaunchScreen =     {
    };
}, "NSLocationDefaultAccuracyReduced": 0]] from file [Optional(file:///private/var/containers/Bundle/Application/96267798-4390-46F4-9B90-33CF7D895987/JustACoreLocAndWeather1.app/Info.plist)]...
2024-08-05 12:32:28.038 [Info] [com.cerebralgardens.xcglogger.defaultInstance] [main] [JustACoreLocAndWeather1AppDelegate.swift:614] dumpAppInfoPlistToLog() > JustACoreLocAndWeather1AppDelegate(.swift).(v1.0804):'dumpAppInfoPlistToLog()': Exiting...
2024-08-05 12:32:28.038 [Info] [com.cerebralgardens.xcglogger.defaultInstance] [main] [HelpBasicLoader.swift:177] xcgLoggerMsg(sMessage:) > HelpBasicLoader.(v1.0506):  'loadHelpBasicContents(helpbasicfileext:helpbasicloadertag:)' - Invoked...
2024-08-05 12:32:28.038 [Info] [com.cerebralgardens.xcglogger.defaultInstance] [main] [HelpBasicLoader.swift:177] xcgLoggerMsg(sMessage:) > HelpBasicLoader.(v1.0506):  'loadHelpBasicContents(helpbasicfileext:helpbasicloadertag:)' - Loading the HELP 'Basic' contents from file extension of [html] via ['appDidFinish...()']...
HelpBasicLoader.(v1.0506):  'loadHelpBasicContents(helpbasicfileext:helpbasicloadertag:)' - HELP 'basic' contents 'self.sHelpBasicContents' via ['appDidFinish...()'] are [<html>

<head>
    <title JustMacApps></title>
    <meta http-equiv="Content-Type" content="text/html; charset=utf-8"/> 
</head>

<body bgcolor="black">

<br>
<h3><font color="white"><center><b> ...'Basic' HELP... </b></center></font></h3>
<br>

<p>This is a demo of a 'basic' HTML HELP (paragraph #1)...</p>
<br>
<p> <b>And</b> this is (paragraph #2)...</p>

</body>

</html>
]...
2024-08-05 12:32:28.038 [Info] [com.cerebralgardens.xcglogger.defaultInstance] [main] [HelpBasicLoader.swift:177] xcgLoggerMsg(sMessage:) > HelpBasicLoader.(v1.0506):  'loadHelpBasicContents(helpbasicfileext:helpbasicloadertag:)' - HELP 'basic' contents 'self.sHelpBasicContents' via ['appDidFinish...()'] are [<html>

<head>
    <title JustMacApps></title>
    <meta http-equiv="Content-Type" content="text/html; charset=utf-8"/> 
</head>

<body bgcolor="black">

<br>
<h3><font color="white"><center><b> ...'Basic' HELP... </b></center></font></h3>
<br>

<p>This is a demo of a 'basic' HTML HELP (paragraph #1)...</p>
<br>
<p> <b>And</b> this is (paragraph #2)...</p>

</body>

</html>
]...
2024-08-05 12:32:28.077 [Info] [com.cerebralgardens.xcglogger.defaultInstance] [main] [HelpBasicLoader.swift:177] xcgLoggerMsg(sMessage:) > 
2024-08-05 12:32:28.077 [Info] [com.cerebralgardens.xcglogger.defaultInstance] [main] [HelpBasicLoader.swift:177] xcgLoggerMsg(sMessage:) > HelpBasicLoader.(v1.0506):  'loadHelpBasicContents(helpbasicfileext:helpbasicloadertag:)' - Exiting...
2024-08-05 12:32:28.077 [Info] [com.cerebralgardens.xcglogger.defaultInstance] [main] [JustACoreLocAndWeather1AppDelegate.swift:626] getAppVersionAndBuildNumber() > JustACoreLocAndWeather1AppDelegate(.swift).(v1.0804):'getAppVersionAndBuildNumber()': Invoked...
2024-08-05 12:32:28.078 [Info] [com.cerebralgardens.xcglogger.defaultInstance] [main] [JustACoreLocAndWeather1AppDelegate.swift:634] getAppVersionAndBuildNumber() > JustACoreLocAndWeather1AppDelegate(.swift).(v1.0804):'getAppVersionAndBuildNumber()': Exiting - '' is [Version v1.01 (06.09.24C218)]...
2024-08-05 12:32:28.078 [Info] [com.cerebralgardens.xcglogger.defaultInstance] [main] [JustACoreLocAndWeather1AppDelegate.swift:187] init() > JustACoreLocAndWeather1AppDelegate(.swift).(v1.0804):'init()': Method Exiting - #(1) time(s) - 'sApplicationName' is [JustACoreLocAndWeather1] - 'sAppVersionAndBuildNumber' is [Version v1.01 (06.09.24C218)]...
2024-08-05 12:32:28.078 [Info] [com.cerebralgardens.xcglogger.defaultInstance] [main] [CoreLocationModelObservable.swift:288] xcgLoggerMsg(sMessage:) > CoreLocationModelObservable(.swift).(v1.0405):'init()' Invoked...
2024-08-05 12:32:28.079 [Info] [com.cerebralgardens.xcglogger.defaultInstance] [main] [CoreLocationModelObservable.swift:288] xcgLoggerMsg(sMessage:) > CoreLocationModelObservable(.swift).(v1.0405):'requestLocationUpdate()' Invoked...
2024-08-05 12:32:28.079 [Info] [com.cerebralgardens.xcglogger.defaultInstance] [main] [CoreLocationModelObservable.swift:288] xcgLoggerMsg(sMessage:) > CoreLocationModelObservable(.swift).(v1.0405):'requestLocationUpdate()' Exiting...
2024-08-05 12:32:28.079 [Info] [com.cerebralgardens.xcglogger.defaultInstance] [main] [CoreLocationModelObservable.swift:288] xcgLoggerMsg(sMessage:) > CoreLocationModelObservable(.swift).(v1.0405):'init()' Exiting...
2024-08-05 12:32:28.240 [Info] [com.cerebralgardens.xcglogger.defaultInstance] [main] [CoreLocationModelObservable.swift:288] xcgLoggerMsg(sMessage:) > CoreLocationModelObservable(.swift).(v1.0405):'locationManagerDidChangeAuthorization(_:)' Invoked...
2024-08-05 12:32:28.240 [Info] [com.cerebralgardens.xcglogger.defaultInstance] [main] [CoreLocationModelObservable.swift:288] xcgLoggerMsg(sMessage:) > The User has changed the selection to 'Always Allow'...
2024-08-05 12:32:28.241 [Info] [com.cerebralgardens.xcglogger.defaultInstance] [main] [CoreLocationModelObservable.swift:288] xcgLoggerMsg(sMessage:) > CoreLocationModelObservable(.swift).(v1.0405):'locationManagerDidChangeAuthorization(_:)' Exiting...
2024-08-05 12:32:28.241 [Info] [com.cerebralgardens.xcglogger.defaultInstance] [main] [CoreLocationModelObservable.swift:288] xcgLoggerMsg(sMessage:) > CoreLocationModelObservable(.swift).(v1.0405):'locationManager(_:didUpdateLocations:)' Invoked...
2024-08-05 12:32:28.241 [Info] [com.cerebralgardens.xcglogger.defaultInstance] [main] [CoreLocationModelObservable.swift:288] xcgLoggerMsg(sMessage:) > Latitude: 32.863067626953125, Longitude: -97.19303563867025
2024-08-05 12:32:28.241 [Info] [com.cerebralgardens.xcglogger.defaultInstance] [main] [CoreLocationModelObservable.swift:288] xcgLoggerMsg(sMessage:) > CoreLocationModelObservable(.swift).(v1.0405):'locationManager(_:didUpdateLocations:)' Exiting...
2024-08-05 12:32:28.250 [Info] [com.cerebralgardens.xcglogger.defaultInstance] [main] [JustACoreLocAndWeather1App.swift:65] xcgLogger(sMessage:) > JustACoreLocAndWeather1App(.swift).(v1.0301)::body(some Scene) Copyright (C) JustMacApps 2023-2024. All Rights Reserved....
2024-08-05 12:32:28.250 [Info] [com.cerebralgardens.xcglogger.defaultInstance] [main] [JustACoreLocAndWeather1App.swift:65] xcgLogger(sMessage:) > JustACoreLocAndWeather1App(.swift).(v1.0301)::body(some Scene) - 'sAppBundlePath' is [/private/var/containers/Bundle/Application/96267798-4390-46F4-9B90-33CF7D895987/JustACoreLocAndWeather1.app]...
2024-08-05 12:32:28.281 [Info] [com.cerebralgardens.xcglogger.defaultInstance] [main] [ContentView.swift:269] xcgLoggerMsg(sMessage:) > ContentView(.swift).(v1.0502)::body(some View) Copyright (C) JustMacApps 2023-2024. All Rights Reserved....
2024-08-05 12:32:28.374 [Info] [com.cerebralgardens.xcglogger.defaultInstance] [main] [CoreLocationModelObservable.swift:288] xcgLoggerMsg(sMessage:) > CoreLocationModelObservable(.swift).(v1.0405):'requestLocationUpdate()' Invoked...
2024-08-05 12:32:28.375 [Info] [com.cerebralgardens.xcglogger.defaultInstance] [main] [CoreLocationModelObservable.swift:288] xcgLoggerMsg(sMessage:) > CoreLocationModelObservable(.swift).(v1.0405):'requestLocationUpdate()' Exiting...
2024-08-05 12:32:28.376 [Info] [com.cerebralgardens.xcglogger.defaultInstance] [main] [CoreLocationModelObservable.swift:288] xcgLoggerMsg(sMessage:) > CoreLocationModelObservable(.swift).(v1.0405):'updateGeocoderLocation(latitude:longitude:)' Invoked...
2024-08-05 12:32:28.376 [Info] [com.cerebralgardens.xcglogger.defaultInstance] [main] [CoreLocationModelObservable.swift:288] xcgLoggerMsg(sMessage:) > CoreLocationModelObservable(.swift).(v1.0405):'updateGeocoderLocation(latitude:longitude:)' Exiting...
2024-08-05 12:32:28.382 [Info] [com.cerebralgardens.xcglogger.defaultInstance] [main] [CoreLocationModelObservable.swift:288] xcgLoggerMsg(sMessage:) > CoreLocationModelObservable(.swift).(v1.0405):'locationManager(_:didUpdateLocations:)' Invoked...
2024-08-05 12:32:28.382 [Info] [com.cerebralgardens.xcglogger.defaultInstance] [main] [CoreLocationModelObservable.swift:288] xcgLoggerMsg(sMessage:) > Latitude: 32.863067626953125, Longitude: -97.19303563867025
2024-08-05 12:32:28.382 [Info] [com.cerebralgardens.xcglogger.defaultInstance] [main] [CoreLocationModelObservable.swift:288] xcgLoggerMsg(sMessage:) > CoreLocationModelObservable(.swift).(v1.0405):'locationManager(_:didUpdateLocations:)' Exiting...
2024-08-05 12:32:28.382 [Info] [com.cerebralgardens.xcglogger.defaultInstance] [main] [CoreLocationModelObservable.swift:288] xcgLoggerMsg(sMessage:) > CoreLocationModelObservable(.swift).(v1.0405):'locationManager(_:didUpdateLocations:)' Invoked...
2024-08-05 12:32:28.382 [Info] [com.cerebralgardens.xcglogger.defaultInstance] [main] [CoreLocationModelObservable.swift:288] xcgLoggerMsg(sMessage:) > Latitude: 32.863067626953125, Longitude: -97.19303563867025
2024-08-05 12:32:28.382 [Info] [com.cerebralgardens.xcglogger.defaultInstance] [main] [CoreLocationModelObservable.swift:288] xcgLoggerMsg(sMessage:) > CoreLocationModelObservable(.swift).(v1.0405):'locationManager(_:didUpdateLocations:)' Exiting...
2024-08-05 12:32:28.736 [Info] [com.cerebralgardens.xcglogger.defaultInstance] [main] [ContentView.swift:269] xcgLoggerMsg(sMessage:) > ContentView(.swift).(v1.0502)::body(some View) Copyright (C) JustMacApps 2023-2024. All Rights Reserved....
2024-08-05 12:32:37.153 [Info] [com.cerebralgardens.xcglogger.defaultInstance] [main] [CoreLocationModelObservable.swift:288] xcgLoggerMsg(sMessage:) > CoreLocationModelObservable(.swift).(v1.0405):'requestLocationUpdate()' Invoked...
2024-08-05 12:32:37.154 [Info] [com.cerebralgardens.xcglogger.defaultInstance] [main] [CoreLocationModelObservable.swift:288] xcgLoggerMsg(sMessage:) > CoreLocationModelObservable(.swift).(v1.0405):'requestLocationUpdate()' Exiting...
2024-08-05 12:32:37.156 [Info] [com.cerebralgardens.xcglogger.defaultInstance] [main] [CoreLocationModelObservable.swift:288] xcgLoggerMsg(sMessage:) > CoreLocationModelObservable(.swift).(v1.0405):'updateGeocoderLocation(latitude:longitude:)' Invoked...
2024-08-05 12:32:37.156 [Info] [com.cerebralgardens.xcglogger.defaultInstance] [main] [CoreLocationModelObservable.swift:288] xcgLoggerMsg(sMessage:) > CoreLocationModelObservable(.swift).(v1.0405):'updateGeocoderLocation(latitude:longitude:)' Exiting...
2024-08-05 12:32:37.157 [Info] [com.cerebralgardens.xcglogger.defaultInstance] [main] [ContentView.swift:269] xcgLoggerMsg(sMessage:) > ContentView(.swift).(v1.0502):ContentView in Button(Xcode).'Refresh'.#(1)...
2024-08-05 12:32:37.157 [Info] [com.cerebralgardens.xcglogger.defaultInstance] [main] [ContentView.swift:269] xcgLoggerMsg(sMessage:) > ContentView(.swift).(v1.0502)::body(some View) Copyright (C) JustMacApps 2023-2024. All Rights Reserved....
2024-08-05 12:32:37.167 [Info] [com.cerebralgardens.xcglogger.defaultInstance] [main] [CoreLocationModelObservable.swift:288] xcgLoggerMsg(sMessage:) > CoreLocationModelObservable(.swift).(v1.0405):'locationManager(_:didUpdateLocations:)' Invoked...
2024-08-05 12:32:37.167 [Info] [com.cerebralgardens.xcglogger.defaultInstance] [main] [CoreLocationModelObservable.swift:288] xcgLoggerMsg(sMessage:) > Latitude: 32.863067626953125, Longitude: -97.19303563867025
2024-08-05 12:32:37.167 [Info] [com.cerebralgardens.xcglogger.defaultInstance] [main] [CoreLocationModelObservable.swift:288] xcgLoggerMsg(sMessage:) > CoreLocationModelObservable(.swift).(v1.0405):'locationManager(_:didUpdateLocations:)' Exiting...
2024-08-05 12:32:37.241 [Info] [com.cerebralgardens.xcglogger.defaultInstance] [main] [ContentView.swift:269] xcgLoggerMsg(sMessage:) > ContentView(.swift).(v1.0502)::body(some View) Copyright (C) JustMacApps 2023-2024. All Rights Reserved....
2024-08-05 12:32:37.786 [Info] [com.cerebralgardens.xcglogger.defaultInstance] [main] [CoreLocationModelObservable.swift:288] xcgLoggerMsg(sMessage:) > CoreLocationModelObservable(.swift).(v1.0405):'requestLocationUpdate()' Invoked...
2024-08-05 12:32:37.787 [Info] [com.cerebralgardens.xcglogger.defaultInstance] [main] [CoreLocationModelObservable.swift:288] xcgLoggerMsg(sMessage:) > CoreLocationModelObservable(.swift).(v1.0405):'requestLocationUpdate()' Exiting...
2024-08-05 12:32:37.790 [Info] [com.cerebralgardens.xcglogger.defaultInstance] [main] [CoreLocationModelObservable.swift:288] xcgLoggerMsg(sMessage:) > CoreLocationModelObservable(.swift).(v1.0405):'updateGeocoderLocation(latitude:longitude:)' Invoked...
2024-08-05 12:32:37.790 [Info] [com.cerebralgardens.xcglogger.defaultInstance] [main] [CoreLocationModelObservable.swift:288] xcgLoggerMsg(sMessage:) > CoreLocationModelObservable(.swift).(v1.0405):'updateGeocoderLocation(latitude:longitude:)' Exiting...
2024-08-05 12:32:37.791 [Info] [com.cerebralgardens.xcglogger.defaultInstance] [main] [ContentView.swift:269] xcgLoggerMsg(sMessage:) > ContentView(.swift).(v1.0502):ContentView in Button(Xcode).'Refresh'.#(2)...
2024-08-05 12:32:37.792 [Info] [com.cerebralgardens.xcglogger.defaultInstance] [main] [ContentView.swift:269] xcgLoggerMsg(sMessage:) > ContentView(.swift).(v1.0502)::body(some View) Copyright (C) JustMacApps 2023-2024. All Rights Reserved....
2024-08-05 12:32:37.801 [Info] [com.cerebralgardens.xcglogger.defaultInstance] [main] [CoreLocationModelObservable.swift:288] xcgLoggerMsg(sMessage:) > CoreLocationModelObservable(.swift).(v1.0405):'locationManager(_:didUpdateLocations:)' Invoked...
2024-08-05 12:32:37.801 [Info] [com.cerebralgardens.xcglogger.defaultInstance] [main] [CoreLocationModelObservable.swift:288] xcgLoggerMsg(sMessage:) > Latitude: 32.863067626953125, Longitude: -97.19303563867025
2024-08-05 12:32:37.801 [Info] [com.cerebralgardens.xcglogger.defaultInstance] [main] [CoreLocationModelObservable.swift:288] xcgLoggerMsg(sMessage:) > CoreLocationModelObservable(.swift).(v1.0405):'locationManager(_:didUpdateLocations:)' Exiting...
2024-08-05 12:32:37.921 [Info] [com.cerebralgardens.xcglogger.defaultInstance] [main] [ContentView.swift:269] xcgLoggerMsg(sMessage:) > ContentView(.swift).(v1.0502)::body(some View) Copyright (C) JustMacApps 2023-2024. All Rights Reserved....
2024-08-05 12:32:38.428 [Info] [com.cerebralgardens.xcglogger.defaultInstance] [main] [CoreLocationModelObservable.swift:288] xcgLoggerMsg(sMessage:) > CoreLocationModelObservable(.swift).(v1.0405):'requestLocationUpdate()' Invoked...
2024-08-05 12:32:38.429 [Info] [com.cerebralgardens.xcglogger.defaultInstance] [main] [CoreLocationModelObservable.swift:288] xcgLoggerMsg(sMessage:) > CoreLocationModelObservable(.swift).(v1.0405):'requestLocationUpdate()' Exiting...
2024-08-05 12:32:38.432 [Info] [com.cerebralgardens.xcglogger.defaultInstance] [main] [CoreLocationModelObservable.swift:288] xcgLoggerMsg(sMessage:) > CoreLocationModelObservable(.swift).(v1.0405):'updateGeocoderLocation(latitude:longitude:)' Invoked...
2024-08-05 12:32:38.432 [Info] [com.cerebralgardens.xcglogger.defaultInstance] [main] [CoreLocationModelObservable.swift:288] xcgLoggerMsg(sMessage:) > CoreLocationModelObservable(.swift).(v1.0405):'updateGeocoderLocation(latitude:longitude:)' Exiting...
2024-08-05 12:32:38.432 [Info] [com.cerebralgardens.xcglogger.defaultInstance] [main] [ContentView.swift:269] xcgLoggerMsg(sMessage:) > ContentView(.swift).(v1.0502):ContentView in Button(Xcode).'Refresh'.#(3)...
2024-08-05 12:32:38.434 [Info] [com.cerebralgardens.xcglogger.defaultInstance] [main] [ContentView.swift:269] xcgLoggerMsg(sMessage:) > ContentView(.swift).(v1.0502)::body(some View) Copyright (C) JustMacApps 2023-2024. All Rights Reserved....
2024-08-05 12:32:38.443 [Info] [com.cerebralgardens.xcglogger.defaultInstance] [main] [CoreLocationModelObservable.swift:288] xcgLoggerMsg(sMessage:) > CoreLocationModelObservable(.swift).(v1.0405):'locationManager(_:didUpdateLocations:)' Invoked...
2024-08-05 12:32:38.443 [Info] [com.cerebralgardens.xcglogger.defaultInstance] [main] [CoreLocationModelObservable.swift:288] xcgLoggerMsg(sMessage:) > Latitude: 32.863067626953125, Longitude: -97.19303563867025
2024-08-05 12:32:38.443 [Info] [com.cerebralgardens.xcglogger.defaultInstance] [main] [CoreLocationModelObservable.swift:288] xcgLoggerMsg(sMessage:) > CoreLocationModelObservable(.swift).(v1.0405):'locationManager(_:didUpdateLocations:)' Exiting...
2024-08-05 12:32:38.444 [Info] [com.cerebralgardens.xcglogger.defaultInstance] [main] [CoreLocationModelObservable.swift:288] xcgLoggerMsg(sMessage:) > CoreLocationModelObservable(.swift).(v1.0405):'locationManager(_:didUpdateLocations:)' Invoked...
2024-08-05 12:32:38.444 [Info] [com.cerebralgardens.xcglogger.defaultInstance] [main] [CoreLocationModelObservable.swift:288] xcgLoggerMsg(sMessage:) > Latitude: 32.863067626953125, Longitude: -97.19303563867025
2024-08-05 12:32:38.444 [Info] [com.cerebralgardens.xcglogger.defaultInstance] [main] [CoreLocationModelObservable.swift:288] xcgLoggerMsg(sMessage:) > CoreLocationModelObservable(.swift).(v1.0405):'locationManager(_:didUpdateLocations:)' Exiting...
2024-08-05 12:32:38.500 [Info] [com.cerebralgardens.xcglogger.defaultInstance] [main] [ContentView.swift:269] xcgLoggerMsg(sMessage:) > ContentView(.swift).(v1.0502)::body(some View) Copyright (C) JustMacApps 2023-2024. All Rights Reserved....
2024-08-05 12:32:40.604 [Info] [com.cerebralgardens.xcglogger.defaultInstance] [main] [ContentView.swift:269] xcgLoggerMsg(sMessage:) > ContentView(.swift).(v1.0502):ContentView in Button(Xcode).'Site Detail(s)'.#(1)...
2024-08-05 12:32:40.620 [Info] [com.cerebralgardens.xcglogger.defaultInstance] [main] [CoreLocationSiteDetailsView.swift:137] xcgLoggerMsg(sMessage:) > CoreLocationSiteDetailsView(.swift).(v1.0301)::body(some View) Copyright (C) JustMacApps 2023-2024. All Rights Reserved....
2024-08-05 12:32:43.722 [Info] [com.cerebralgardens.xcglogger.defaultInstance] [main] [CoreLocationModelObservable.swift:288] xcgLoggerMsg(sMessage:) > CoreLocationModelObservable(.swift).(v1.0405):'requestLocationUpdate()' Invoked...
2024-08-05 12:32:43.723 [Info] [com.cerebralgardens.xcglogger.defaultInstance] [main] [CoreLocationModelObservable.swift:288] xcgLoggerMsg(sMessage:) > CoreLocationModelObservable(.swift).(v1.0405):'requestLocationUpdate()' Exiting...
2024-08-05 12:32:43.727 [Info] [com.cerebralgardens.xcglogger.defaultInstance] [main] [CoreLocationModelObservable.swift:288] xcgLoggerMsg(sMessage:) > CoreLocationModelObservable(.swift).(v1.0405):'updateGeocoderLocation(latitude:longitude:)' Invoked...
2024-08-05 12:32:43.728 [Info] [com.cerebralgardens.xcglogger.defaultInstance] [main] [CoreLocationModelObservable.swift:288] xcgLoggerMsg(sMessage:) > CoreLocationModelObservable(.swift).(v1.0405):'updateGeocoderLocation(latitude:longitude:)' Exiting...
2024-08-05 12:32:43.728 [Info] [com.cerebralgardens.xcglogger.defaultInstance] [main] [CoreLocationSiteDetailsView.swift:137] xcgLoggerMsg(sMessage:) > CoreLocationSiteDetailsView(.swift).(v1.0301):CoreLocationSiteDetailsView.Button(Xcode).'Refresh'.#(1)...
2024-08-05 12:32:43.729 [Info] [com.cerebralgardens.xcglogger.defaultInstance] [main] [CoreLocationSiteDetailsView.swift:137] xcgLoggerMsg(sMessage:) > CoreLocationSiteDetailsView(.swift).(v1.0301)::body(some View) Copyright (C) JustMacApps 2023-2024. All Rights Reserved....
2024-08-05 12:32:43.735 [Info] [com.cerebralgardens.xcglogger.defaultInstance] [main] [CoreLocationModelObservable.swift:288] xcgLoggerMsg(sMessage:) > CoreLocationModelObservable(.swift).(v1.0405):'locationManager(_:didUpdateLocations:)' Invoked...
2024-08-05 12:32:43.736 [Info] [com.cerebralgardens.xcglogger.defaultInstance] [main] [CoreLocationModelObservable.swift:288] xcgLoggerMsg(sMessage:) > Latitude: 32.863067626953125, Longitude: -97.19303563867025
2024-08-05 12:32:43.736 [Info] [com.cerebralgardens.xcglogger.defaultInstance] [main] [CoreLocationModelObservable.swift:288] xcgLoggerMsg(sMessage:) > CoreLocationModelObservable(.swift).(v1.0405):'locationManager(_:didUpdateLocations:)' Exiting...
2024-08-05 12:32:43.795 [Info] [com.cerebralgardens.xcglogger.defaultInstance] [main] [ContentView.swift:269] xcgLoggerMsg(sMessage:) > ContentView(.swift).(v1.0502)::body(some View) Copyright (C) JustMacApps 2023-2024. All Rights Reserved....
2024-08-05 12:32:43.800 [Info] [com.cerebralgardens.xcglogger.defaultInstance] [main] [CoreLocationSiteDetailsView.swift:137] xcgLoggerMsg(sMessage:) > CoreLocationSiteDetailsView(.swift).(v1.0301)::body(some View) Copyright (C) JustMacApps 2023-2024. All Rights Reserved....
2024-08-05 12:32:43.807 [Info] [com.cerebralgardens.xcglogger.defaultInstance] [main] [CoreLocationSiteDetailsView.swift:137] xcgLoggerMsg(sMessage:) > CoreLocationSiteDetailsView(.swift).(v1.0301)::body(some View) Copyright (C) JustMacApps 2023-2024. All Rights Reserved....
2024-08-05 12:32:44.239 [Info] [com.cerebralgardens.xcglogger.defaultInstance] [main] [CoreLocationModelObservable.swift:288] xcgLoggerMsg(sMessage:) > CoreLocationModelObservable(.swift).(v1.0405):'requestLocationUpdate()' Invoked...
2024-08-05 12:32:44.240 [Info] [com.cerebralgardens.xcglogger.defaultInstance] [main] [CoreLocationModelObservable.swift:288] xcgLoggerMsg(sMessage:) > CoreLocationModelObservable(.swift).(v1.0405):'requestLocationUpdate()' Exiting...
2024-08-05 12:32:44.245 [Info] [com.cerebralgardens.xcglogger.defaultInstance] [main] [CoreLocationModelObservable.swift:288] xcgLoggerMsg(sMessage:) > CoreLocationModelObservable(.swift).(v1.0405):'updateGeocoderLocation(latitude:longitude:)' Invoked...
2024-08-05 12:32:44.245 [Info] [com.cerebralgardens.xcglogger.defaultInstance] [main] [CoreLocationModelObservable.swift:288] xcgLoggerMsg(sMessage:) > CoreLocationModelObservable(.swift).(v1.0405):'updateGeocoderLocation(latitude:longitude:)' Exiting...
2024-08-05 12:32:44.245 [Info] [com.cerebralgardens.xcglogger.defaultInstance] [main] [CoreLocationSiteDetailsView.swift:137] xcgLoggerMsg(sMessage:) > CoreLocationSiteDetailsView(.swift).(v1.0301):CoreLocationSiteDetailsView.Button(Xcode).'Refresh'.#(2)...
2024-08-05 12:32:44.247 [Info] [com.cerebralgardens.xcglogger.defaultInstance] [main] [CoreLocationSiteDetailsView.swift:137] xcgLoggerMsg(sMessage:) > CoreLocationSiteDetailsView(.swift).(v1.0301)::body(some View) Copyright (C) JustMacApps 2023-2024. All Rights Reserved....
2024-08-05 12:32:44.255 [Info] [com.cerebralgardens.xcglogger.defaultInstance] [main] [CoreLocationModelObservable.swift:288] xcgLoggerMsg(sMessage:) > CoreLocationModelObservable(.swift).(v1.0405):'locationManager(_:didUpdateLocations:)' Invoked...
2024-08-05 12:32:44.255 [Info] [com.cerebralgardens.xcglogger.defaultInstance] [main] [CoreLocationModelObservable.swift:288] xcgLoggerMsg(sMessage:) > Latitude: 32.863067626953125, Longitude: -97.19303563867025
2024-08-05 12:32:44.256 [Info] [com.cerebralgardens.xcglogger.defaultInstance] [main] [CoreLocationModelObservable.swift:288] xcgLoggerMsg(sMessage:) > CoreLocationModelObservable(.swift).(v1.0405):'locationManager(_:didUpdateLocations:)' Exiting...
2024-08-05 12:32:44.256 [Info] [com.cerebralgardens.xcglogger.defaultInstance] [main] [CoreLocationModelObservable.swift:288] xcgLoggerMsg(sMessage:) > CoreLocationModelObservable(.swift).(v1.0405):'locationManager(_:didUpdateLocations:)' Invoked...
2024-08-05 12:32:44.256 [Info] [com.cerebralgardens.xcglogger.defaultInstance] [main] [CoreLocationModelObservable.swift:288] xcgLoggerMsg(sMessage:) > Latitude: 32.863067626953125, Longitude: -97.19303563867025
2024-08-05 12:32:44.256 [Info] [com.cerebralgardens.xcglogger.defaultInstance] [main] [CoreLocationModelObservable.swift:288] xcgLoggerMsg(sMessage:) > CoreLocationModelObservable(.swift).(v1.0405):'locationManager(_:didUpdateLocations:)' Exiting...
2024-08-05 12:32:44.313 [Info] [com.cerebralgardens.xcglogger.defaultInstance] [main] [ContentView.swift:269] xcgLoggerMsg(sMessage:) > ContentView(.swift).(v1.0502)::body(some View) Copyright (C) JustMacApps 2023-2024. All Rights Reserved....
2024-08-05 12:32:44.319 [Info] [com.cerebralgardens.xcglogger.defaultInstance] [main] [CoreLocationSiteDetailsView.swift:137] xcgLoggerMsg(sMessage:) > CoreLocationSiteDetailsView(.swift).(v1.0301)::body(some View) Copyright (C) JustMacApps 2023-2024. All Rights Reserved....
2024-08-05 12:32:44.323 [Info] [com.cerebralgardens.xcglogger.defaultInstance] [main] [CoreLocationSiteDetailsView.swift:137] xcgLoggerMsg(sMessage:) > CoreLocationSiteDetailsView(.swift).(v1.0301)::body(some View) Copyright (C) JustMacApps 2023-2024. All Rights Reserved....
2024-08-05 12:32:44.689 [Info] [com.cerebralgardens.xcglogger.defaultInstance] [main] [CoreLocationModelObservable.swift:288] xcgLoggerMsg(sMessage:) > CoreLocationModelObservable(.swift).(v1.0405):'requestLocationUpdate()' Invoked...
2024-08-05 12:32:44.690 [Info] [com.cerebralgardens.xcglogger.defaultInstance] [main] [CoreLocationModelObservable.swift:288] xcgLoggerMsg(sMessage:) > CoreLocationModelObservable(.swift).(v1.0405):'requestLocationUpdate()' Exiting...
2024-08-05 12:32:44.693 [Info] [com.cerebralgardens.xcglogger.defaultInstance] [main] [CoreLocationModelObservable.swift:288] xcgLoggerMsg(sMessage:) > CoreLocationModelObservable(.swift).(v1.0405):'updateGeocoderLocation(latitude:longitude:)' Invoked...
2024-08-05 12:32:44.694 [Info] [com.cerebralgardens.xcglogger.defaultInstance] [main] [CoreLocationModelObservable.swift:288] xcgLoggerMsg(sMessage:) > CoreLocationModelObservable(.swift).(v1.0405):'updateGeocoderLocation(latitude:longitude:)' Exiting...
2024-08-05 12:32:44.694 [Info] [com.cerebralgardens.xcglogger.defaultInstance] [main] [CoreLocationSiteDetailsView.swift:137] xcgLoggerMsg(sMessage:) > CoreLocationSiteDetailsView(.swift).(v1.0301):CoreLocationSiteDetailsView.Button(Xcode).'Refresh'.#(3)...
2024-08-05 12:32:44.695 [Info] [com.cerebralgardens.xcglogger.defaultInstance] [main] [CoreLocationSiteDetailsView.swift:137] xcgLoggerMsg(sMessage:) > CoreLocationSiteDetailsView(.swift).(v1.0301)::body(some View) Copyright (C) JustMacApps 2023-2024. All Rights Reserved....
2024-08-05 12:32:44.699 [Info] [com.cerebralgardens.xcglogger.defaultInstance] [main] [CoreLocationModelObservable.swift:288] xcgLoggerMsg(sMessage:) > CoreLocationModelObservable(.swift).(v1.0405):'locationManager(_:didUpdateLocations:)' Invoked...
2024-08-05 12:32:44.699 [Info] [com.cerebralgardens.xcglogger.defaultInstance] [main] [CoreLocationModelObservable.swift:288] xcgLoggerMsg(sMessage:) > Latitude: 32.863067626953125, Longitude: -97.19303563867025
2024-08-05 12:32:44.699 [Info] [com.cerebralgardens.xcglogger.defaultInstance] [main] [CoreLocationModelObservable.swift:288] xcgLoggerMsg(sMessage:) > CoreLocationModelObservable(.swift).(v1.0405):'locationManager(_:didUpdateLocations:)' Exiting...
2024-08-05 12:32:44.759 [Info] [com.cerebralgardens.xcglogger.defaultInstance] [main] [ContentView.swift:269] xcgLoggerMsg(sMessage:) > ContentView(.swift).(v1.0502)::body(some View) Copyright (C) JustMacApps 2023-2024. All Rights Reserved....
2024-08-05 12:32:44.764 [Info] [com.cerebralgardens.xcglogger.defaultInstance] [main] [CoreLocationSiteDetailsView.swift:137] xcgLoggerMsg(sMessage:) > CoreLocationSiteDetailsView(.swift).(v1.0301)::body(some View) Copyright (C) JustMacApps 2023-2024. All Rights Reserved....
2024-08-05 12:32:44.766 [Info] [com.cerebralgardens.xcglogger.defaultInstance] [main] [CoreLocationSiteDetailsView.swift:137] xcgLoggerMsg(sMessage:) > CoreLocationSiteDetailsView(.swift).(v1.0301)::body(some View) Copyright (C) JustMacApps 2023-2024. All Rights Reserved....
2024-08-05 12:32:46.181 [Info] [com.cerebralgardens.xcglogger.defaultInstance] [main] [CoreLocationSiteDetailsView.swift:137] xcgLoggerMsg(sMessage:) > CoreLocationSiteDetailsView(.swift).(v1.0301)::CoreLocationSiteDetailsView.Button(Xcode).'Dismiss' pressed...
2024-08-05 12:32:47.806 [Info] [com.cerebralgardens.xcglogger.defaultInstance] [main] [ContentView.swift:269] xcgLoggerMsg(sMessage:) > ContentView(.swift).(v1.0502):ContentView in Button(Xcode).'Settings'.#(1)...
<0x10340b7e0> Gesture: System gesture gate timed out.
2024-08-05 12:33:01.445 [Info] [com.cerebralgardens.xcglogger.defaultInstance] [main] [SettingsSingleView.swift:274] xcgLoggerMsg(sMessage:) > ...SettingsSingleView.(v1.0801): :SettingsSingleView in Text.contextMenu.'copy' button #1...
2024-08-05 12:33:01.447 [Info] [com.cerebralgardens.xcglogger.defaultInstance] [main] [SettingsSingleView.swift:274] xcgLoggerMsg(sMessage:) > ...SettingsSingleView.(v1.0801): :SettingsSingleView in 'copyLogFilespecToClipboard()' for text of [/var/mobile/Containers/Data/Application/6877F1F8-1A2A-4DE6-B585-2BBEFB13145C/Documents/JustACoreLocAndWeather1.log]...
2024-08-05 12:33:06.149 [Info] [com.cerebralgardens.xcglogger.defaultInstance] [main] [SettingsSingleView.swift:274] xcgLoggerMsg(sMessage:) > SettingsSingleView.(v1.0801): :SettingsSingleView in Button(Xcode).'App About'.#(1)...
2024-08-05 12:33:06.164 [Info] [com.cerebralgardens.xcglogger.defaultInstance] [main] [JustACoreLocAndWeather1AppDelegate.swift:626] getAppVersionAndBuildNumber() > JustACoreLocAndWeather1AppDelegate(.swift).(v1.0804):'getAppVersionAndBuildNumber()': Invoked...
2024-08-05 12:33:06.164 [Info] [com.cerebralgardens.xcglogger.defaultInstance] [main] [JustACoreLocAndWeather1AppDelegate.swift:634] getAppVersionAndBuildNumber() > JustACoreLocAndWeather1AppDelegate(.swift).(v1.0804):'getAppVersionAndBuildNumber()': Exiting - '' is [Version v1.01 (06.09.24C218)]...
No image named 'AppIcon@3x' found in asset catalog for /private/var/containers/Bundle/Application/96267798-4390-46F4-9B90-33CF7D895987/JustACoreLocAndWeather1.app
<0x10340b7e0> Gesture: System gesture gate timed out.
2024-08-05 12:33:35.727 [Info] [com.cerebralgardens.xcglogger.defaultInstance] [main] [AppAboutView.swift:192] xcgLoggerMsg(sMessage:) > ...AppAboutView.(v1.0102): :AppAboutView in Text.contextMenu.'copy' button #1...
2024-08-05 12:33:35.728 [Info] [com.cerebralgardens.xcglogger.defaultInstance] [main] [AppAboutView.swift:192] xcgLoggerMsg(sMessage:) > ...AppAboutView.(v1.0102): :AppAboutView in 'copyLogFilespecToClipboard()' for text of [/var/mobile/Containers/Data/Application/6877F1F8-1A2A-4DE6-B585-2BBEFB13145C/Documents/JustACoreLocAndWeather1.log]...
2024-08-05 12:34:13.337 [Info] [com.cerebralgardens.xcglogger.defaultInstance] [main] [AppAboutView.swift:192] xcgLoggerMsg(sMessage:) > AppAboutView.(v1.0102): :AppAboutView.Button(Xcode).'Dismiss' pressed...
2024-08-05 12:34:15.087 [Info] [com.cerebralgardens.xcglogger.defaultInstance] [main] [SettingsSingleView.swift:274] xcgLoggerMsg(sMessage:) > SettingsSingleView.(v1.0801): :SettingsSingleView in Button(Xcode).'App About'.#(2)...
2024-08-05 12:34:15.099 [Info] [com.cerebralgardens.xcglogger.defaultInstance] [main] [JustACoreLocAndWeather1AppDelegate.swift:626] getAppVersionAndBuildNumber() > JustACoreLocAndWeather1AppDelegate(.swift).(v1.0804):'getAppVersionAndBuildNumber()': Invoked...
2024-08-05 12:34:15.100 [Info] [com.cerebralgardens.xcglogger.defaultInstance] [main] [JustACoreLocAndWeather1AppDelegate.swift:634] getAppVersionAndBuildNumber() > JustACoreLocAndWeather1AppDelegate(.swift).(v1.0804):'getAppVersionAndBuildNumber()': Exiting - '' is [Version v1.01 (06.09.24C218)]...
No image named 'AppIcon@3x' found in asset catalog for /private/var/containers/Bundle/Application/96267798-4390-46F4-9B90-33CF7D895987/JustACoreLocAndWeather1.app

